Microsoft Windows [Version 10.0.19042.928]
(c) Microsoft Corporation. All rights reserved.

C:\%REPOPATH%\majiro-py>cd src

C:\%REPOPATH%\majiro-py\src>python syscalls_reader.py -GC -rs
Downloading: GoogleSheet(longid='1p03_q6VTfYQEjlDhpypgoPdLQREhXwXz2ObTUkz5dlY', gid=0)
Caching: 'syscalls_cached.csv'
ERROR: return/postfix mismatch! 87a631a6 : $false?
ERROR: return/postfix mismatch! 00d696cc : $num_parts?
CATEGORIES: [STATUS]
           : 97
 unhashed  : 381
 collision : 3
 partial   : 7
 incorrect : 26
 confirmed : 0
 likely    : 0
 guessed   : 2
 total     : 419/516
RETURNS: [UNKNOWN]
           : 62
RETURNS: [OTHER]
 void      : 258
 any       : 0
 any/void  : 3
RETURNS: [INT]
 int       : 78
 bool      : 53
 file*     : 2
 page*     : 9
 sprite*   : 4
RETURNS: [FLOAT]
 float     : 6
RETURNS: [STRING]
 string    : 32
RETURNS: [INT_ARRAY]
 int[]     : 3
RETURNS: [FLOAT_ARRAY]
 float[]   : 3
RETURNS: [STRING_ARRAY]
 string[]  : 3

C:\%REPOPATH%\majiro-py\src>python syscalls_reader.py -C -rs
Cached: 'syscalls_cached.csv'
ERROR: return/postfix mismatch! 87a631a6 : $false?
ERROR: return/postfix mismatch! 00d696cc : $num_parts?
CATEGORIES: [STATUS]
           : 97
 unhashed  : 381
 collision : 3
 partial   : 7
 incorrect : 26
 confirmed : 0
 likely    : 0
 guessed   : 2
 total     : 419/516
RETURNS: [UNKNOWN]
           : 62
RETURNS: [OTHER]
 void      : 258
 any       : 0
 any/void  : 3
RETURNS: [INT]
 int       : 78
 bool      : 53
 file*     : 2
 page*     : 9
 sprite*   : 4
RETURNS: [FLOAT]
 float     : 6
RETURNS: [STRING]
 string    : 32
RETURNS: [INT_ARRAY]
 int[]     : 3
RETURNS: [FLOAT_ARRAY]
 float[]   : 3
RETURNS: [STRING_ARRAY]
 string[]  : 3

C:\%REPOPATH%\majiro-py\src>python wordsmash.py -p "$" -g "MAJIRO_INTER" -t dca7da63 a90f0e05 42d7c922 87a631a6 d1921ed9 c46925cf f103c078 c47dbe4b c32e286f f66cd6ea 00d696cc b7e3e81c 46b18379 4fac462c f4bb403d bc6402c9 c1d2b85a 269bda78 3eabf498 3c84073c 42f6fddf f3d276f1 bc42ca9a 7547c477 c102bcc3 ab13be44 806261ce 5131e234 cc3e0342 82fd765b 2cb1bc41 88b4b26c 3f401bbd 8cfc4573 7d8b2c41 0542e1b7 824d124f 25d92502 bbf35806 b0ce081a 507f22c6 29098ec0 09c43040 2159ebe0 f63ed9ae 3670b283 929a367d b1681699 f9d94e91 d34e9b28 f65aa4c0 d5999d46 05b1a6e8 125cfbdb ca30043a 9143dc9e 89ce8c53 490d6b50 78a6a112 168efcb7 3cba6309 8f874e29 c438ba98 4c99b0ea 8cd709f9 65075141 a549e852 99a5de25 3378635d 3474d65b eb5cc468 9af10167 2075c300 ad0f8767 af6571ab a909a32a 163c0878 d08a57f8 d215e29a 23d5d11d aefc64da fb7fb744 ca5c98f2 0d36e2a7 bef4edfa 5c9761c5 b758ac4e 2c18d5a9 45e32ea6 e316a8f2 bb9d7a7f 6ddeb30e 1f5a14d4 f5e5be93 e5a2ce14 850eecf4 d481e1a2 ebb5886c 50cd2dca f0fd9886 2e99e98c d583668c 1cd5bca8 62442ec6 faf17b1c da60f137 f430015b 321717d1 cd111b0e bfa74901 b3ffdffa 15d07df8 0dc634c4 844d2028 b268f04f de1e2ed0 4311cfa6 26dc6566 eeaa9104 90d5298a 2bd1709d 7e0b8320 0ebc053b 38721a26 45acd4a7 50846ad3 6e7f7fb7 86e933d1 8fe5d6e7 b84c9953 c68c011a efd59130 f6416e87 20caeb0e 2cd009af -w "do" "is" "get" "set" "grp" "page" "pic" "sprite" "movie" "music" "sound" "voice" "make" "save" "area" "invalidate" "fast" "mouse" "fuchidori" "histbuff" "load" "console" "fontout" "thread" "event" "timer" "time" "wait" "reset" "screen" "exit" "exec" "call" "str" "dim" "web" "write" "reg" "open" "file" "dialog" "client" "change" "debugout" "pos" "cur" "setup" "x" "y" "key" "sprite" "l" "s" "tl" "define" "system" "sys" "release" "create" "copy" "volume" "vol" "1" "2" "3" "4" "font" "sel" "select" "end" "begin" "hook" "sub" "read" "flg" "pause" "play" "stop" "fade" "out" "in" "width" "height" "enable" "disable" "cursor" "all" "force" "line" "raw" "variable" "var" "pic" "log" "no" "yes" "rand" "random" "string" "front" "buffer" "wallpaper" "unwait" "auto" "moji" "speed" "spd" "mode" "color" "alfa" "zero" "male" "female" "gender" "free" "next" "wipe" "prev" "fn" "stat" "with" "exist" "rgb" "rgba" "menu" "bold" "shadow" "fuchidori" "talk" "quick" "failsafe" "down" "pop" "push" "replace" "resume" "loop" "ret" "last" "buf" "pan" "invalidate" "clip" "move" "animate" "abs" "low" "high" "priority" "rotate" "modify" "at" "ch" "config" "continue" "panning" "default" "point" "data" "anti" "zoom" "draw" "re" "intro" "put" "ed" "ing" "mod" "paste" "smooth" "rect" "show" "hide" "effect" "bgm" "region" "check" "offset" "offs" "off" "on" "repeat" "to" "table" "sync" "after" "audio" "home" "replay" "start" "con" "window" "wnd" "win" "inner" "bounds" "len" "ex" "text" "buff" "history" "clear" "swap" "box" "button" "click" "rclick" "mclick" "lclick" "ar" "visible" "hidden" "skip" "frame" "fps" "face" "family" "no" "isproportional" "proportional" "ext"
Namespace(capitalize=False, groups=['MAJIRO_INTER'], lower=True, maxlen=12, minlen=0, postfixes=['', '%', '$', '#', '%#', '$#', '?', '*', '&', '!', '~', '^'], prefixes=['$'], preview=False, targets=[3701987939, 2836336133, 1121437986, 2275815846, 3516014297, 3295225295, 4043554936, 3296575051, 3274582127, 4134328042, 14063308, 3085166620, 1186038649, 1336690220, 4105912381, 3160670921, 3251812442, 647748216, 1051456664, 1015285564, 1123483103, 4090656497, 3158493850, 1967637623, 3238182083, 2870197828, 2153931214, 1362223668, 3426616130, 2197648987, 749845569, 2293543532, 1061166013, 2365343091, 2106272833, 88269239, 2186089039, 634987778, 3153287174, 2966292506, 1350509254, 688492224, 163852352, 559541216, 4131314094, 913355395, 2459580029, 2976388761, 4191768209, 3545144104, 4133135552, 3583614278, 95528680, 308083675, 3392144442, 2437143710, 2312014931, 1225616208, 2024186130, 378469559, 1018848009, 2408009257, 3292052120, 1285140714, 2362903033, 1694978369, 2773084242, 2577784357, 863527773, 880072283, 3948725352, 2599485799, 544588544, 2903476071, 2942661035, 2835981098, 373033080, 3498727416, 3524649626, 601215261, 2935776474, 4219451204, 3395066098, 221700775, 3203722746, 1553424837, 3076041806, 739825065, 1172516518, 3809913074, 3147659903, 1843311374, 525997268, 4125474451, 3852652052, 2232347892, 3565281698, 3954542700, 1355623882, 4043151494, 781838732, 3582158476, 483769512, 1648635590, 4210129692, 3663786295, 4096786779, 840374225, 3440450318, 3215411457, 3019890682, 365985272, 231093444, 2219647016, 2993221711, 3726520016, 1125240742, 651978086, 4004155652, 2429888906, 735146141, 2114683680, 247203131, 947001894, 1168954535, 1350855379, 1853849527, 2263430097, 2414204647, 3092027731, 3331064090, 4023750960, 4131483271, 550169358, 751831471], underscore=True, upper=False, words=['do', 'is', 'get', 'set', 'grp', 'page', 'pic', 'sprite', 'movie', 'music', 'sound', 'voice', 'make', 'save', 'area', 'invalidate', 'fast', 'mouse', 'fuchidori', 'histbuff', 'load', 'console', 'fontout', 'thread', 'event', 'timer', 'time', 'wait', 'reset', 'screen', 'exit', 'exec', 'call', 'str', 'dim', 'web', 'write', 'reg', 'open', 'file', 'dialog', 'client', 'change', 'debugout', 'pos', 'cur', 'setup', 'x', 'y', 'key', 'sprite', 'l', 's', 'tl', 'define', 'system', 'sys', 'release', 'create', 'copy', 'volume', 'vol', '1', '2', '3', '4', 'font', 'sel', 'select', 'end', 'begin', 'hook', 'sub', 'read', 'flg', 'pause', 'play', 'stop', 'fade', 'out', 'in', 'width', 'height', 'enable', 'disable', 'cursor', 'all', 'force', 'line', 'raw', 'variable', 'var', 'pic', 'log', 'no', 'yes', 'rand', 'random', 'string', 'front', 'buffer', 'wallpaper', 'unwait', 'auto', 'moji', 'speed', 'spd', 'mode', 'color', 'alfa', 'zero', 'male', 'female', 'gender', 'free', 'next', 'wipe', 'prev', 'fn', 'stat', 'with', 'exist', 'rgb', 'rgba', 'menu', 'bold', 'shadow', 'fuchidori', 'talk', 'quick', 'failsafe', 'down', 'pop', 'push', 'replace', 'resume', 'loop', 'ret', 'last', 'buf', 'pan', 'invalidate', 'clip', 'move', 'animate', 'abs', 'low', 'high', 'priority', 'rotate', 'modify', 'at', 'ch', 'config', 'continue', 'panning', 'default', 'point', 'data', 'anti', 'zoom', 'draw', 're', 'intro', 'put', 'ed', 'ing', 'mod', 'paste', 'smooth', 'rect', 'show', 'hide', 'effect', 'bgm', 'region', 'check', 'offset', 'offs', 'off', 'on', 'repeat', 'to', 'table', 'sync', 'after', 'audio', 'home', 'replay', 'start', 'con', 'window', 'wnd', 'win', 'inner', 'bounds', 'len', 'ex', 'text', 'buff', 'history', 'clear', 'swap', 'box', 'button', 'click', 'rclick', 'mclick', 'lclick', 'ar', 'visible', 'hidden', 'skip', 'frame', 'fps', 'face', 'family', 'no', 'isproportional', 'proportional', 'ext'])

C:\%REPOPATH%\majiro-py\src>python wordsmash.py -p "$" -g "MAJIRO_INTER" -t dca7da63 a90f0e05 42d7c922 87a631a6 d1921ed9 c46925cf f103c078 c47dbe4b c32e286f f66cd6ea 00d696cc b7e3e81c 46b18379 4fac462c f4bb403d bc6402c9 c1d2b85a 269bda78 3eabf498 3c84073c 42f6fddf f3d276f1 bc42ca9a 7547c477 c102bcc3 ab13be44 806261ce 5131e234 cc3e0342 82fd765b 2cb1bc41 88b4b26c 3f401bbd 8cfc4573 7d8b2c41 0542e1b7 824d124f 25d92502 bbf35806 b0ce081a 507f22c6 29098ec0 09c43040 2159ebe0 f63ed9ae 3670b283 929a367d b1681699 f9d94e91 d34e9b28 f65aa4c0 d5999d46 05b1a6e8 125cfbdb ca30043a 9143dc9e 89ce8c53 490d6b50 78a6a112 168efcb7 3cba6309 8f874e29 c438ba98 4c99b0ea 8cd709f9 65075141 a549e852 99a5de25 3378635d 3474d65b eb5cc468 9af10167 2075c300 ad0f8767 af6571ab a909a32a 163c0878 d08a57f8 d215e29a 23d5d11d aefc64da fb7fb744 ca5c98f2 0d36e2a7 bef4edfa 5c9761c5 b758ac4e 2c18d5a9 45e32ea6 e316a8f2 bb9d7a7f 6ddeb30e 1f5a14d4 f5e5be93 e5a2ce14 850eecf4 d481e1a2 ebb5886c 50cd2dca f0fd9886 2e99e98c d583668c 1cd5bca8 62442ec6 faf17b1c da60f137 f430015b 321717d1 cd111b0e bfa74901 b3ffdffa 15d07df8 0dc634c4 844d2028 b268f04f de1e2ed0 4311cfa6 26dc6566 eeaa9104 90d5298a 2bd1709d 7e0b8320 0ebc053b 38721a26 45acd4a7 50846ad3 6e7f7fb7 86e933d1 8fe5d6e7 b84c9953 c68c011a efd59130 f6416e87 20caeb0e 2cd009af -w "do" "is" "get" "set" "grp" "page" "pic" "sprite" "movie" "music" "sound" "voice" "make" "save" "area" "invalidate" "fast" "mouse" "fuchidori" "histbuff" "load" "console" "fontout" "thread" "event" "timer" "time" "wait" "reset" "screen" "exit" "exec" "call" "str" "dim" "web" "write" "reg" "open" "file" "dialog" "client" "change" "debugout" "pos" "cur" "setup" "x" "y" "key" "sprite" "l" "s" "tl" "define" "system" "sys" "release" "create" "copy" "volume" "vol" "1" "2" "3" "4" "font" "sel" "select" "end" "begin" "hook" "sub" "read" "flg" "pause" "play" "stop" "fade" "out" "in" "width" "height" "enable" "disable" "cursor" "all" "force" "line" "raw" "variable" "var" "pic" "log" "no" "yes" "rand" "random" "string" "front" "buffer" "wallpaper" "unwait" "auto" "moji" "speed" "spd" "mode" "color" "alfa" "zero" "male" "female" "gender" "free" "next" "wipe" "prev" "fn" "stat" "with" "exist" "rgb" "rgba" "menu" "bold" "shadow" "fuchidori" "talk" "quick" "failsafe" "down" "pop" "push" "replace" "resume" "loop" "ret" "last" "buf" "pan" "invalidate" "clip" "move" "animate" "abs" "low" "high" "priority" "rotate" "modify" "at" "ch" "config" "continue" "panning" "default" "point" "data" "anti" "zoom" "draw" "re" "intro" "put" "ed" "ing" "mod" "paste" "smooth" "rect" "show" "hide" "effect" "bgm" "region" "check" "offset" "offs" "off" "on" "repeat" "to" "table" "sync" "after" "audio" "home" "replay" "start" "con" "window" "wnd" "win" "inner" "bounds" "len" "ex" "text" "buff" "history" "clear" "swap" "box" "button" "click" "rclick" "mclick" "lclick" "ar" "visible" "hidden" "skip" "frame" "fps" "face" "family" "no" "isproportional" "proportional" "ext"
Word Depth: 0
Word Depth: 1
46b18379        $rand!@MAJIRO_INTER
Word Depth: 2
b3ffdffa        $voice_setup@MAJIRO_INTER
90d5298a        $voice_raw@MAJIRO_INTER
490d6b50        $copy_save@MAJIRO_INTER
0dc634c4        $extmusic@MAJIRO_INTER
b268f04f        $extsound@MAJIRO_INTER
Word Depth: 3
8f874e29        $do_extsave@MAJIRO_INTER
3cba6309        $do_extload@MAJIRO_INTER
a549e852        $get_save_time$@MAJIRO_INTER
3c84073c        $get_fast_stat@MAJIRO_INTER
bc42ca9a        $set_fast_stat@MAJIRO_INTER
824d124f        $voicerect_height@MAJIRO_INTER
15d07df8        $voice_text_setup@MAJIRO_INTER
3eabf498        $fast_mode_config@MAJIRO_INTER
7547c477        $histbuffdefinepriority*@MAJIRO_INTER
eb5cc468        $time_afterskip@MAJIRO_INTER
3474d65b        $screeninselect%@MAJIRO_INTER
23d5d11d        $webtlwrite_$@MAJIRO_INTER
d1921ed9        $file_write_open@MAJIRO_INTER
f66cd6ea        $pos_freeend~@MAJIRO_INTER
a549e852        $releaserelease_gender_#@MAJIRO_INTER
09c43040        $fontlogopen!@MAJIRO_INTER
321717d1        $sel_timeanti_&@MAJIRO_INTER
f103c078        $force_key_paste@MAJIRO_INTER
82fd765b        $front_spdshadow?@MAJIRO_INTER
7d8b2c41        $auto_font_click_%#@MAJIRO_INTER
0ebc053b        $auto_mode_config@MAJIRO_INTER
f5e5be93        $nextrepeat_spd$#@MAJIRO_INTER
c68c011a        $prevsel_enable@MAJIRO_INTER
86e933d1        $prevsel_disable@MAJIRO_INTER
50cd2dca        $fnreadin@MAJIRO_INTER
850eecf4        $rgb_sync_lclick_%@MAJIRO_INTER
e5a2ce14        $shadow_cur_key$@MAJIRO_INTER
da60f137        $quick_mojil*@MAJIRO_INTER
d34e9b28        $quick_frame_line_&@MAJIRO_INTER
09c43040        $failsafe_zero_s_%@MAJIRO_INTER
b758ac4e        $low_mouse_button?@MAJIRO_INTER
3670b283        $at_makestat$#@MAJIRO_INTER
9143dc9e        $chwith_thread_?@MAJIRO_INTER
ab13be44        $show_mouse_cursor@MAJIRO_INTER
3474d65b        $win_2_all~@MAJIRO_INTER
b1681699        $innerfn_frame%@MAJIRO_INTER
d481e1a2        $rclick_replacewipe_#@MAJIRO_INTER
89ce8c53        $arreplay_inner_~@MAJIRO_INTER
c68c011a        $fps_ingpause_^@MAJIRO_INTER
844d2028        $extmusic_replace@MAJIRO_INTER
de1e2ed0        $extsound2@MAJIRO_INTER
4311cfa6        $extsound3@MAJIRO_INTER
26dc6566        $extsound4@MAJIRO_INTER
Word Depth: 4
d481e1a2        $doarea_variable_dim$@MAJIRO_INTER
4fac462c        $dofastpanning_talk_@MAJIRO_INTER
a909a32a        $dofontout_spdselect~@MAJIRO_INTER
c46925cf        $doweb1_mclick_%#@MAJIRO_INTER
5c9761c5        $dokey_savereg_&@MAJIRO_INTER
bc42ca9a        $dol_1no!@MAJIRO_INTER
3670b283        $do3_eventload$#@MAJIRO_INTER
4fac462c        $dosubrelease_menu%@MAJIRO_INTER
f9d94e91        $doplaytalk_check_^@MAJIRO_INTER
f4bb403d        $doout_lexist%#@MAJIRO_INTER
929a367d        $doin_audioeffect_^@MAJIRO_INTER
b268f04f        $dovardownrect^@MAJIRO_INTER
f103c078        $doyesfree_fontout_%@MAJIRO_INTER
e316a8f2        $dofront_pointall_*@MAJIRO_INTER
c46925cf        $dospeedfrontpause$@MAJIRO_INTER
bc6402c9        $dofree_force_mod_^@MAJIRO_INTER
3f401bbd        $dowipewrite_4_@MAJIRO_INTER
9143dc9e        $dowipenext_moji^@MAJIRO_INTER
3f401bbd        $dorgb_priority_config^@MAJIRO_INTER
ca30043a        $dolooptllow_%#@MAJIRO_INTER
6ddeb30e        $dorotatecursor_do_%#@MAJIRO_INTER
bef4edfa        $dointrolen_next_%@MAJIRO_INTER
2075c300        $dorect_withskip_!@MAJIRO_INTER
3670b283        $doshow_volumeing_#@MAJIRO_INTER
aefc64da        $doon4_wipe&@MAJIRO_INTER
c47dbe4b        $dotable_atdefine#@MAJIRO_INTER
c68c011a        $doboundsch_to_!@MAJIRO_INTER
bbf35806        $doboxopen_ex_@MAJIRO_INTER
8cd709f9        $do_setexitdown_&@MAJIRO_INTER
2159ebe0        $do_invalidate_font_continue^@MAJIRO_INTER
f6416e87        $do_fastpaste_is_^@MAJIRO_INTER
46b18379        $do_histbuff_move_speed_#@MAJIRO_INTER
78a6a112        $do_console_enablegrp_$#@MAJIRO_INTER
42d7c922        $do_fontoutcolor_random_*@MAJIRO_INTER
c102bcc3        $do_threadalfaput$#@MAJIRO_INTER
a549e852        $do_exit_y_failsafe_@MAJIRO_INTER
8cfc4573        $do_key_prevcolor_@MAJIRO_INTER
65075141        $do_ltldraw_*@MAJIRO_INTER
d481e1a2        $do_create_readwith&@MAJIRO_INTER
82fd765b        $do_hook_noext_%#@MAJIRO_INTER
4c99b0ea        $do_subed_line_#@MAJIRO_INTER
4fac462c        $do_alldisablebgm!@MAJIRO_INTER
05b1a6e8        $do_variableinvalidatesetup#@MAJIRO_INTER
62442ec6        $do_variabledisable_hide^@MAJIRO_INTER
05b1a6e8        $do_random_console_exit_@MAJIRO_INTER
d481e1a2        $do_moji_pos_ex_@MAJIRO_INTER
a909a32a        $do_zeroforceinner^@MAJIRO_INTER
09c43040        $do_shadowzero_priority_@MAJIRO_INTER
929a367d        $do_talk_s_audio$#@MAJIRO_INTER
eb5cc468        $do_failsafe_menu_mouse_*@MAJIRO_INTER
d583668c        $do_replacecheckpriority$@MAJIRO_INTER
6ddeb30e        $do_resumefailsafe_wait?@MAJIRO_INTER
850eecf4        $do_defaultvoice_box_@MAJIRO_INTER
f66cd6ea        $do_default_webpos_~@MAJIRO_INTER
23d5d11d        $do_off_hook_talk&@MAJIRO_INTER
3378635d        $do_historymusicevent?@MAJIRO_INTER
4fac462c        $do_clickforce_cur%@MAJIRO_INTER
929a367d        $do_hiddenfreedebugout&@MAJIRO_INTER
c68c011a        $do_hiddenbuf_spd_&@MAJIRO_INTER
65075141        $do_skip_inner_exec_&@MAJIRO_INTER
bfa74901        $do_framefilebuff&@MAJIRO_INTER
5131e234        $ismouse_speed_on$#@MAJIRO_INTER
8cfc4573        $isthread_selectafter$@MAJIRO_INTER
3cba6309        $isstrclipclick!@MAJIRO_INTER
d34e9b28        $isdimnotime$#@MAJIRO_INTER
d481e1a2        $isregmusicre_%@MAJIRO_INTER
cc3e0342        $isfilebgm_y%@MAJIRO_INTER
5131e234        $isfilebgm_y$@MAJIRO_INTER
c438ba98        $isdialograndom_ex_@MAJIRO_INTER
6e7f7fb7        $isvol_continue_proportional%#@MAJIRO_INTER
3cba6309        $iswidthcontinue_swap_$@MAJIRO_INTER
99a5de25        $iswidth_file_hide%#@MAJIRO_INTER
de1e2ed0        $isline_open_time?@MAJIRO_INTER
25d92502        $isautorectcopy_~@MAJIRO_INTER
f6416e87        $isfreebuttonstop*@MAJIRO_INTER
ad0f8767        $isfree_configin_!@MAJIRO_INTER
cd111b0e        $isnextboundsfamily_$#@MAJIRO_INTER
5c9761c5        $isnext_variable_paste$#@MAJIRO_INTER
c47dbe4b        $isrgbinner_button_%@MAJIRO_INTER
490d6b50        $isrgba_disablequick_$#@MAJIRO_INTER
bb9d7a7f        $isbold_male_clip_^@MAJIRO_INTER
ebb5886c        $isabsplaycursor&@MAJIRO_INTER
d5999d46        $isdrawautoheight$@MAJIRO_INTER
2bd1709d        $ispaste_default_pan_^@MAJIRO_INTER
1cd5bca8        $isbgm_force_sprite_$#@MAJIRO_INTER
bb9d7a7f        $ishome_volume_var$#@MAJIRO_INTER
c32e286f        $iswingenderenable~@MAJIRO_INTER
2159ebe0        $isexoffsetanti_^@MAJIRO_INTER
b7e3e81c        $is_dopush_draw_$#@MAJIRO_INTER
163c0878        $is_grprand_re&@MAJIRO_INTER
c68c011a        $is_moviesvar@MAJIRO_INTER
f66cd6ea        $is_make_save_cursor~@MAJIRO_INTER
efd59130        $is_areaplay_force!@MAJIRO_INTER
8cd709f9        $is_eventreplay_sub_*@MAJIRO_INTER
09c43040        $is_exitcopystring%@MAJIRO_INTER
8cd709f9        $is_execheight_config_$@MAJIRO_INTER
4311cfa6        $is_callunwaityes_~@MAJIRO_INTER
c438ba98        $is_dimisproportionalx_%#@MAJIRO_INTER
1f5a14d4        $is_writeheight4_@MAJIRO_INTER
42d7c922        $is_sinner_s$#@MAJIRO_INTER
1cd5bca8        $is_1hook_text&@MAJIRO_INTER
bef4edfa        $is_begin_afterfn_%@MAJIRO_INTER
bc6402c9        $is_stopvariable_pan_@MAJIRO_INTER
8cd709f9        $is_fadeline_show$#@MAJIRO_INTER
3474d65b        $is_linerectscreen_*@MAJIRO_INTER
d1921ed9        $is_line_rclickbgm%@MAJIRO_INTER
6e7f7fb7        $is_randloadstop_#@MAJIRO_INTER
dca7da63        $is_male_talkar*@MAJIRO_INTER
65075141        $is_nextdebugoutex~@MAJIRO_INTER
bfa74901        $is_prevend_tl%@MAJIRO_INTER
f63ed9ae        $is_replacegender_clip_?@MAJIRO_INTER
8fe5d6e7        $is_resume_time_wnd^@MAJIRO_INTER
65075141        $is_absfont1_~@MAJIRO_INTER
89ce8c53        $is_ch_volumeshow#@MAJIRO_INTER
6e7f7fb7        $is_defaultfade_front_$#@MAJIRO_INTER
850eecf4        $is_re_with_4!@MAJIRO_INTER
850eecf4        $is_mod_area_var_&@MAJIRO_INTER
05b1a6e8        $is_bgmexec_mouse_^@MAJIRO_INTER
ebb5886c        $is_offs_low_audio_%#@MAJIRO_INTER
f63ed9ae        $is_to_consolecheck_~@MAJIRO_INTER
3cba6309        $is_ex_startaudio_?@MAJIRO_INTER
05b1a6e8        $is_buffwidth_rand_$@MAJIRO_INTER
6ddeb30e        $is_clickpriority_s_*@MAJIRO_INTER
f3d276f1        $is_face_readforce_^@MAJIRO_INTER
05b1a6e8        $is_isproportional_mouse_show_%#@MAJIRO_INTER
b1681699        $is_proportional2put?@MAJIRO_INTER
09c43040        $getdo_shadow_to_&@MAJIRO_INTER
844d2028        $getdo_buffmode_@MAJIRO_INTER
00d696cc        $getget_mojifade$#@MAJIRO_INTER
a549e852        $getmovie_subrclick%@MAJIRO_INTER
3cba6309        $gethistbuff_talk_area_!@MAJIRO_INTER
c32e286f        $getconsole_defaultloop_&@MAJIRO_INTER
62442ec6        $getfontouty_region_@MAJIRO_INTER
3cba6309        $getreset_dimopen_%#@MAJIRO_INTER
cc3e0342        $getx_volumeout_$#@MAJIRO_INTER
5131e234        $getfontmode_bold?@MAJIRO_INTER
d5999d46        $getflg_flg2_^@MAJIRO_INTER
25d92502        $getheighted_disable#@MAJIRO_INTER
c47dbe4b        $getheight_event_intro#@MAJIRO_INTER
bbf35806        $getyes_showmove_#@MAJIRO_INTER
86e933d1        $getbuffer_replaymode_@MAJIRO_INTER
89ce8c53        $getcolor_exist_front_~@MAJIRO_INTER
f3d276f1        $getfemalegender_mclick$@MAJIRO_INTER
2cd009af        $getpopnextfast_~@MAJIRO_INTER
86e933d1        $getcliplclick_is%@MAJIRO_INTER
45acd4a7        $geteffectmoviebuff^@MAJIRO_INTER
f103c078        $getafter_failsafeout_?@MAJIRO_INTER
0d36e2a7        $getwndeffecting_%@MAJIRO_INTER
4c99b0ea        $getlendefault_wnd#@MAJIRO_INTER
c438ba98        $gethistoryresume_flg%#@MAJIRO_INTER
c68c011a        $getbutton_create_volume_&@MAJIRO_INTER
b268f04f        $gethidden_height_music_?@MAJIRO_INTER
20caeb0e        $get_grppos_wallpaper?@MAJIRO_INTER
bfa74901        $get_makewndstart_!@MAJIRO_INTER
6e7f7fb7        $get_histbuffdefaultrotate_$#@MAJIRO_INTER
50846ad3        $get_changeex_force%#@MAJIRO_INTER
6ddeb30e        $get_3_soundpop?@MAJIRO_INTER
d1921ed9        $get_auto_x_free%@MAJIRO_INTER
da60f137        $get_mode_fasthistory_@MAJIRO_INTER
de1e2ed0        $get_lastcur_fast$#@MAJIRO_INTER
7d8b2c41        $get_defaulthistory_height!@MAJIRO_INTER
2cd009af        $get_data_3_effect&@MAJIRO_INTER
4fac462c        $get_zoom_absno^@MAJIRO_INTER
b268f04f        $get_draw_select_effect_$@MAJIRO_INTER
fb7fb744        $get_intro_buff_str$@MAJIRO_INTER
faf17b1c        $get_rect_con_reset_%#@MAJIRO_INTER
ab13be44        $get_bgm2yes&@MAJIRO_INTER
1f5a14d4        $get_offset_inner_line$#@MAJIRO_INTER
168efcb7        $get_clearfont_pic%#@MAJIRO_INTER
d34e9b28        $get_hiddenbuf_isproportional_$#@MAJIRO_INTER
806261ce        $get_skiprgbayes#@MAJIRO_INTER
d583668c        $setpage_con_show?@MAJIRO_INTER
fb7fb744        $setthreadconsole_write_%@MAJIRO_INTER
25d92502        $settime_createexec_@MAJIRO_INTER
50846ad3        $setresetselectbuf_&@MAJIRO_INTER
de1e2ed0        $setscreen_window_ch_%#@MAJIRO_INTER
a549e852        $setdialog_todraw_^@MAJIRO_INTER
2cb1bc41        $setx_lastch$@MAJIRO_INTER
bef4edfa        $setreleasedata_1@MAJIRO_INTER
cd111b0e        $setvolume_set_buffer_@MAJIRO_INTER
2c18d5a9        $set1_savebuffer_$#@MAJIRO_INTER
29098ec0        $setforce_shadow_thread_^@MAJIRO_INTER
00d696cc        $setrandis_repeat$@MAJIRO_INTER
929a367d        $setunwait_vol_system$@MAJIRO_INTER
8fe5d6e7        $setgendersubwipe?@MAJIRO_INTER
d34e9b28        $setwipe_down_random_$#@MAJIRO_INTER
da60f137        $setprevfreecreate$@MAJIRO_INTER
3c84073c        $setrotatemouse_sys_#@MAJIRO_INTER
da60f137        $setconfig_alfa_loop#@MAJIRO_INTER
850eecf4        $setoffset_draw_define$@MAJIRO_INTER
42f6fddf        $setafterstoppriority_!@MAJIRO_INTER
7d8b2c41        $setafter_allmoji%#@MAJIRO_INTER
5131e234        $setwnd_musicstop?@MAJIRO_INTER
8cfc4573        $setinnertimer_stat_^@MAJIRO_INTER
2cd009af        $setclickbuf_bold@MAJIRO_INTER
f9d94e91        $set_movie_panningy%#@MAJIRO_INTER
42d7c922        $set_invalidatefemalebgm$#@MAJIRO_INTER
c1d2b85a        $set_fast_mode_flg@MAJIRO_INTER
3eabf498        $set_loading_win*@MAJIRO_INTER
844d2028        $set_callbuffer_text_@MAJIRO_INTER
99a5de25        $set_cursor_hook_web_^@MAJIRO_INTER
38721a26        $set_lineshadow_face_$@MAJIRO_INTER
38721a26        $set_line_dimhome%#@MAJIRO_INTER
bb9d7a7f        $set_bufferfontout_gender%#@MAJIRO_INTER
50846ad3        $set_wallpaper_lenvolume_?@MAJIRO_INTER
bfa74901        $set_speed_buttonauto_?@MAJIRO_INTER
507f22c6        $set_alfa_quick_draw_~@MAJIRO_INTER
eb5cc468        $set_next_readlow_^@MAJIRO_INTER
824d124f        $set_fn_mousemoji_~@MAJIRO_INTER
f66cd6ea        $set_withwipedown_^@MAJIRO_INTER
50cd2dca        $set_popboldwidth@MAJIRO_INTER
929a367d        $set_loopdefine_move_?@MAJIRO_INTER
bc6402c9        $set_buf_dim_draw_&@MAJIRO_INTER
a549e852        $set_pan_cursor_screen_*@MAJIRO_INTER
bbf35806        $set_putfile_volume_@MAJIRO_INTER
82fd765b        $set_ingfontoutrgb%#@MAJIRO_INTER
05b1a6e8        $set_replay_buffer_cur_%@MAJIRO_INTER
1f5a14d4        $set_box_eventdefault#@MAJIRO_INTER
8fe5d6e7        $set_box_audio_key_&@MAJIRO_INTER
b268f04f        $set_fps_afterlast#@MAJIRO_INTER
09c43040        $grpget_allmusic_%@MAJIRO_INTER
1f5a14d4        $grpgrpdown_bold#@MAJIRO_INTER
824d124f        $grpdialogstartpanning_#@MAJIRO_INTER
c32e286f        $grpdialog_infn$@MAJIRO_INTER
f65aa4c0        $grpclientlowline_$@MAJIRO_INTER
9af10167        $grptlvoice_debugout_%#@MAJIRO_INTER
86e933d1        $grpsysscreenfn%@MAJIRO_INTER
4311cfa6        $grprelease_skip_invalidate^@MAJIRO_INTER
de1e2ed0        $grprelease_skip_invalidate_@MAJIRO_INTER
a90f0e05        $grpsel_effectskip_*@MAJIRO_INTER
f66cd6ea        $grpin_replay_wnd_@MAJIRO_INTER
b84c9953        $grpdisable_time_at*@MAJIRO_INTER
29098ec0        $grpallflg_vol_~@MAJIRO_INTER
3cba6309        $grpvariable_popsave_&@MAJIRO_INTER
de1e2ed0        $grprandom_sys_dim^@MAJIRO_INTER
4311cfa6        $grprandom_sys_dim_@MAJIRO_INTER
c47dbe4b        $grpbufferallwnd$@MAJIRO_INTER
f4bb403d        $grpwipe_replayunwait#@MAJIRO_INTER
9af10167        $grpexist_file_page_~@MAJIRO_INTER
bc6402c9        $grprgba_atre_^@MAJIRO_INTER
d1921ed9        $grpmenu_bufflow$@MAJIRO_INTER
d1921ed9        $grpshadow_quick_after%@MAJIRO_INTER
bef4edfa        $grpbufafterbgm_$#@MAJIRO_INTER
b84c9953        $grpabs_alfa_page_?@MAJIRO_INTER
3cba6309        $grppointclickpush_%@MAJIRO_INTER
62442ec6        $grpeffect_copy_put_~@MAJIRO_INTER
5131e234        $grpbgm_stopenable_&@MAJIRO_INTER
8cd709f9        $grprepeatvisiblecreate_~@MAJIRO_INTER
7d8b2c41        $grptablesel_continue_$#@MAJIRO_INTER
3378635d        $grpafter_createsys_$#@MAJIRO_INTER
0d36e2a7        $grpcondialogrgba?@MAJIRO_INTER
efd59130        $grplclicklast_bold_&@MAJIRO_INTER
99a5de25        $grparsystem_anti_~@MAJIRO_INTER
b7e3e81c        $grpskip_at_out_*@MAJIRO_INTER
50cd2dca        $grpframe_voice_alfa?@MAJIRO_INTER
824d124f        $grp_fastgrp_inner_$@MAJIRO_INTER
d481e1a2        $grp_loadcur_x_!@MAJIRO_INTER
4c99b0ea        $grp_consolevolwallpaper_*@MAJIRO_INTER
3670b283        $grp_eventmod_swap&@MAJIRO_INTER
321717d1        $grp_resetbutton_default$@MAJIRO_INTER
c102bcc3        $grp_y_panningpoint$#@MAJIRO_INTER
163c0878        $grp_tl_endtime_%@MAJIRO_INTER
26dc6566        $grp_volstat_gender_*@MAJIRO_INTER
269bda78        $grp_1_freechange%#@MAJIRO_INTER
eb5cc468        $grp_3on_vol$#@MAJIRO_INTER
87a631a6        $grp_sel_dimset@MAJIRO_INTER
b1681699        $grp_subsmoothpic_%#@MAJIRO_INTER
eeaa9104        $grp_fade_allbutton_$#@MAJIRO_INTER
05b1a6e8        $grp_in_page_down~@MAJIRO_INTER
7e0b8320        $grp_buffer_home_grp_~@MAJIRO_INTER
ad0f8767        $grp_unwaitsub_menu_!@MAJIRO_INTER
86e933d1        $grp_alfafilewait%@MAJIRO_INTER
f5e5be93        $grp_wipe_soundch!@MAJIRO_INTER
4fac462c        $grp_shadow_toclip~@MAJIRO_INTER
dca7da63        $grp_panpointshow_~@MAJIRO_INTER
65075141        $grp_intro_prev_next_#@MAJIRO_INTER
09c43040        $grp_showexist_rgba_$@MAJIRO_INTER
25d92502        $grp_syncbufzoom_#@MAJIRO_INTER
c47dbe4b        $grp_afterinmoji_?@MAJIRO_INTER
f6416e87        $grp_audio_gender_ch$#@MAJIRO_INTER
bef4edfa        $grp_start_unwaitmusic_@MAJIRO_INTER
bbf35806        $grp_box_exface~@MAJIRO_INTER
2cd009af        $grp_rclickl_bgm?@MAJIRO_INTER
4fac462c        $grp_lclick_gendernext*@MAJIRO_INTER
15d07df8        $grp_lclick_syncrgb_%#@MAJIRO_INTER
da60f137        $grp_familyrotaterandom~@MAJIRO_INTER
321717d1        $pagemake_wipe_unwait$#@MAJIRO_INTER
f0fd9886        $pagehistbuff_create_effect_%#@MAJIRO_INTER
50846ad3        $pageexec_4_talk&@MAJIRO_INTER
f103c078        $pagecall_quickwait_&@MAJIRO_INTER
a909a32a        $pageopen_menu_clip#@MAJIRO_INTER
45e32ea6        $pagel_isproportionalanimate_&@MAJIRO_INTER
c1d2b85a        $pagesystembuffer_family_^@MAJIRO_INTER
f66cd6ea        $pagecopy_pop_male@MAJIRO_INTER
c32e286f        $pagevol_down_window_%@MAJIRO_INTER
4fac462c        $pagefontpic_mod_^@MAJIRO_INTER
125cfbdb        $pagesub_open_dim#@MAJIRO_INTER
6e7f7fb7        $pageplayarea_play?@MAJIRO_INTER
b3ffdffa        $pageallzoom_pic_$@MAJIRO_INTER
25d92502        $pageno_readhook_^@MAJIRO_INTER
29098ec0        $pagemale_width_4^@MAJIRO_INTER
20caeb0e        $pagefree_zoom_mod$@MAJIRO_INTER
c438ba98        $pagenext_rgbspd_%#@MAJIRO_INTER
29098ec0        $pagewipe_malespd_$#@MAJIRO_INTER
f4bb403d        $pageprev_pointfontout?@MAJIRO_INTER
f9d94e91        $pageshadowdebugout_reset_~@MAJIRO_INTER
0542e1b7        $pagefailsafe_fadeshow!@MAJIRO_INTER
5c9761c5        $pageloop_startshow#@MAJIRO_INTER
f430015b        $pagepan_continue_change_*@MAJIRO_INTER
844d2028        $pagesmooth_posdebugout_!@MAJIRO_INTER
168efcb7        $pagebgmoffset_dim_~@MAJIRO_INTER
e5a2ce14        $pagecheck_tono_#@MAJIRO_INTER
c46925cf        $pageto_set_anti_$#@MAJIRO_INTER
1cd5bca8        $pageinnercolor_replace^@MAJIRO_INTER
d583668c        $pageinnersmoothbox@MAJIRO_INTER
163c0878        $pagebounds2cur_~@MAJIRO_INTER
490d6b50        $pageboundssub_line*@MAJIRO_INTER
a549e852        $pageclick_fontout_moji_$@MAJIRO_INTER
3378635d        $pageproportional_forcefile%@MAJIRO_INTER
3378635d        $page_get_write_2#@MAJIRO_INTER
da60f137        $page_musicspd_check#@MAJIRO_INTER
5c9761c5        $page_voice_make_ch@MAJIRO_INTER
3f401bbd        $page_loadclearreplay%@MAJIRO_INTER
7d8b2c41        $page_reset_hook_random_&@MAJIRO_INTER
f9d94e91        $page_str_time_repeat%#@MAJIRO_INTER
0d36e2a7        $page_writecopyfontout_$@MAJIRO_INTER
de1e2ed0        $page_curconsoleconfig%@MAJIRO_INTER
4311cfa6        $page_curconsoleconfig$@MAJIRO_INTER
26dc6566        $page_curconsoleconfig#@MAJIRO_INTER
05b1a6e8        $page_define_replay_anti*@MAJIRO_INTER
f0fd9886        $page_syscolor_sprite$#@MAJIRO_INTER
00d696cc        $page_volreleasevol$#@MAJIRO_INTER
ca30043a        $page_2page_pic&@MAJIRO_INTER
163c0878        $page_width_all_enable#@MAJIRO_INTER
ca30043a        $page_heightpan_wait~@MAJIRO_INTER
f66cd6ea        $page_disable_continueopen_%@MAJIRO_INTER
dca7da63        $page_variablefontout_anti#@MAJIRO_INTER
3eabf498        $page_var_varvisible~@MAJIRO_INTER
d481e1a2        $page_mojilen_visible$@MAJIRO_INTER
2c18d5a9        $page_freedownexit$#@MAJIRO_INTER
0dc634c4        $page_next_withanti%@MAJIRO_INTER
ad0f8767        $page_statbox_sync!@MAJIRO_INTER
c46925cf        $page_failsafeeffect_rgb_$@MAJIRO_INTER
f430015b        $page_clipfree_loop_%@MAJIRO_INTER
490d6b50        $page_move_enable_file_~@MAJIRO_INTER
65075141        $page_high_frontline_!@MAJIRO_INTER
82fd765b        $page_high_panforce$#@MAJIRO_INTER
a90f0e05        $page_pointflgswap$#@MAJIRO_INTER
de1e2ed0        $page_antifadedo%@MAJIRO_INTER
4311cfa6        $page_antifadedo$@MAJIRO_INTER
26dc6566        $page_antifadedo#@MAJIRO_INTER
faf17b1c        $page_put_pop_free$#@MAJIRO_INTER
f430015b        $page_show_grpstop_%@MAJIRO_INTER
87a631a6        $page_show_cursor_set_%@MAJIRO_INTER
88b4b26c        $page_bgmantilclick?@MAJIRO_INTER
da60f137        $page_on_buf_dim$@MAJIRO_INTER
b84c9953        $page_audio_mod_dialog%@MAJIRO_INTER
929a367d        $page_homeweb_sprite_@MAJIRO_INTER
824d124f        $page_windowdefaultout!@MAJIRO_INTER
cc3e0342        $page_wndwindow_enable_%#@MAJIRO_INTER
42d7c922        $page_clear_variable_rect$@MAJIRO_INTER
3eabf498        $picdoresumeopen_%#@MAJIRO_INTER
2c18d5a9        $picsprite_subfps!@MAJIRO_INTER
3cba6309        $picmouse_mouse_moji_#@MAJIRO_INTER
0dc634c4        $picfuchidoricopy_sel_#@MAJIRO_INTER
507f22c6        $pictimereplacedo_&@MAJIRO_INTER
ca30043a        $piccreate_swnd?@MAJIRO_INTER
bc42ca9a        $picstop_setup_dim#@MAJIRO_INTER
ca30043a        $picallpush_do@MAJIRO_INTER
eb5cc468        $picalldata_down&@MAJIRO_INTER
2075c300        $picall_chafter_~@MAJIRO_INTER
eb5cc468        $picautore_rgba_#@MAJIRO_INTER
bc42ca9a        $picmode_bounds_fps&@MAJIRO_INTER
9af10167        $picwipe_alfapan~@MAJIRO_INTER
88b4b26c        $picrgb_mode_rand_&@MAJIRO_INTER
2cb1bc41        $picfailsafewrite_wipe_*@MAJIRO_INTER
c46925cf        $picreplaceautoing$#@MAJIRO_INTER
2cb1bc41        $picret_pop_change#@MAJIRO_INTER
6ddeb30e        $piclast_skip_stat_&@MAJIRO_INTER
efd59130        $piczoom_mojimale!@MAJIRO_INTER
88b4b26c        $picintro_existexist%@MAJIRO_INTER
3cba6309        $picedvar_con%#@MAJIRO_INTER
b7e3e81c        $picoffsetopenset_?@MAJIRO_INTER
d215e29a        $picoff_ex_fast_?@MAJIRO_INTER
8fe5d6e7        $picstart_buffer_pos?@MAJIRO_INTER
c46925cf        $pichistoryaftercreate_$#@MAJIRO_INTER
f66cd6ea        $picclickcur_page!@MAJIRO_INTER
45acd4a7        $picrclick_unwait_failsafe%@MAJIRO_INTER
e5a2ce14        $picskip_pop_rand!@MAJIRO_INTER
bc42ca9a        $picframeselectmale#@MAJIRO_INTER
d583668c        $picextscreen_offs*@MAJIRO_INTER
3378635d        $pic_docurlclick_@MAJIRO_INTER
850eecf4        $pic_pagesoundquick_!@MAJIRO_INTER
6ddeb30e        $pic_picweb_force_!@MAJIRO_INTER
50846ad3        $pic_fontoutstring_replace_#@MAJIRO_INTER
850eecf4        $pic_time_dialog_pop_~@MAJIRO_INTER
d08a57f8        $pic_exec_zoom_hidden_$@MAJIRO_INTER
b3ffdffa        $pic_dimreplay_color_&@MAJIRO_INTER
d215e29a        $pic_dialogswap_pause_$@MAJIRO_INTER
2cb1bc41        $pic_setupoff_abs_@MAJIRO_INTER
125cfbdb        $pic_release_ingl$#@MAJIRO_INTER
f103c078        $pic_hookis_event_&@MAJIRO_INTER
d583668c        $pic_hookfuchidoripush#@MAJIRO_INTER
806261ce        $pic_subclipput_@MAJIRO_INTER
99a5de25        $pic_play_offsetstat_~@MAJIRO_INTER
168efcb7        $pic_stopgender_web_#@MAJIRO_INTER
269bda78        $pic_forcetohome_#@MAJIRO_INTER
faf17b1c        $pic_frontmodifyvisible_!@MAJIRO_INTER
d481e1a2        $pic_bufferreplay_talk?@MAJIRO_INTER
c68c011a        $pic_wipemake_sys^@MAJIRO_INTER
c47dbe4b        $pic_stat_maletext_!@MAJIRO_INTER
5131e234        $pic_rgba_sub_reg_^@MAJIRO_INTER
3eabf498        $pic_talkvisible_buf_#@MAJIRO_INTER
2bd1709d        $pic_talk_draw_1_$#@MAJIRO_INTER
45acd4a7        $pic_animatedimexist_$@MAJIRO_INTER
5131e234        $pic_rotate_movieregion_%@MAJIRO_INTER
cc3e0342        $pic_rotate_movieregion_$@MAJIRO_INTER
7e0b8320        $pic_at_sub_skip~@MAJIRO_INTER
824d124f        $pic_panning_ex_speed#@MAJIRO_INTER
507f22c6        $pic_modcolor_hidden_%@MAJIRO_INTER
3378635d        $pic_repeat_history_fps?@MAJIRO_INTER
bbf35806        $pic_hiddenget_rclick_^@MAJIRO_INTER
0d36e2a7        $pic_framemclick_timer^@MAJIRO_INTER
7e0b8320        $spritepicdisable_rotate!@MAJIRO_INTER
25d92502        $spriteresetvar_replay_$#@MAJIRO_INTER
8cfc4573        $spriteexit_moji_sync%@MAJIRO_INTER
05b1a6e8        $spriteexecwinmodify_*@MAJIRO_INTER
3474d65b        $spriteopen_textpic_?@MAJIRO_INTER
da60f137        $spriteclientpoped_@MAJIRO_INTER
125cfbdb        $spritecurdebugoutprev_%#@MAJIRO_INTER
bc42ca9a        $sprite2savedo^@MAJIRO_INTER
a909a32a        $spritefontscreen_free_*@MAJIRO_INTER
b758ac4e        $spriteselexist_default%#@MAJIRO_INTER
62442ec6        $spriteflgaudio_anti%@MAJIRO_INTER
d34e9b28        $spritestop_syncproportional_&@MAJIRO_INTER
c438ba98        $spritefadesmooth_len_@MAJIRO_INTER
cc3e0342        $spritevariable_home_var#@MAJIRO_INTER
8f874e29        $spritewallpaperinunwait_*@MAJIRO_INTER
f6416e87        $spritedownwipe_wipe_!@MAJIRO_INTER
2bd1709d        $spritereplaceclienthome@MAJIRO_INTER
25d92502        $spritehighfuchidoriclear~@MAJIRO_INTER
b3ffdffa        $spritepriority_system_default_^@MAJIRO_INTER
0d36e2a7        $spriterotatefile_no_$#@MAJIRO_INTER
3eabf498        $spriterotate_texttl%@MAJIRO_INTER
6e7f7fb7        $spritepoint_check_click_!@MAJIRO_INTER
8fe5d6e7        $spritepaste_zoom_moji?@MAJIRO_INTER
c32e286f        $spriterectabs_modify#@MAJIRO_INTER
c32e286f        $spritestartbuffer_on_!@MAJIRO_INTER
3378635d        $spritetextrgbwipe_#@MAJIRO_INTER
6e7f7fb7        $spritelclick_picrepeat^@MAJIRO_INTER
f9d94e91        $spriteskip_fps_y*@MAJIRO_INTER
cd111b0e        $spriteextraw_paste_#@MAJIRO_INTER
bb9d7a7f        $sprite_is_wndenable_@MAJIRO_INTER
c438ba98        $sprite_musicnextch$#@MAJIRO_INTER
e5a2ce14        $sprite_makefilech_#@MAJIRO_INTER
f3d276f1        $sprite_makemalefamily!@MAJIRO_INTER
4c99b0ea        $sprite_load_4read_$@MAJIRO_INTER
88b4b26c        $sprite_fontoutwipehook_?@MAJIRO_INTER
125cfbdb        $sprite_timewindowdialog_$@MAJIRO_INTER
42f6fddf        $sprite_tl_check_music*@MAJIRO_INTER
d5999d46        $sprite_volumeout_do_&@MAJIRO_INTER
f5e5be93        $sprite_2_pause_after_&@MAJIRO_INTER
af6571ab        $sprite_flg_line_load@MAJIRO_INTER
0542e1b7        $sprite_lineareaclient~@MAJIRO_INTER
50cd2dca        $sprite_variable_winwindow&@MAJIRO_INTER
bfa74901        $sprite_no_flg_after!@MAJIRO_INTER
2075c300        $sprite_frontrawfont!@MAJIRO_INTER
b758ac4e        $sprite_unwaitgetvol?@MAJIRO_INTER
3378635d        $sprite_mode_setfailsafe~@MAJIRO_INTER
2cd009af        $sprite_menu_hidepage*@MAJIRO_INTER
45acd4a7        $sprite_pandefault_paste%@MAJIRO_INTER
af6571ab        $sprite_panzoomget_&@MAJIRO_INTER
bef4edfa        $sprite_priority_abs_wnd_?@MAJIRO_INTER
c32e286f        $sprite_defaultdebugoutselect_%@MAJIRO_INTER
0ebc053b        $sprite_re_fast_debugout_?@MAJIRO_INTER
89ce8c53        $sprite_paste2yes_!@MAJIRO_INTER
2075c300        $sprite_shownextvol#@MAJIRO_INTER
3cba6309        $sprite_on_prioritymusic*@MAJIRO_INTER
b3ffdffa        $sprite_tocontinuefailsafe_?@MAJIRO_INTER
d583668c        $sprite_extcursorstr&@MAJIRO_INTER
5131e234        $moviepic_pos_len_#@MAJIRO_INTER
1cd5bca8        $moviemusichidelow_@MAJIRO_INTER
50cd2dca        $movievoicemoveex*@MAJIRO_INTER
c32e286f        $moviehistbuff_rawreplay^@MAJIRO_INTER
88b4b26c        $moviefontoutexdisable_*@MAJIRO_INTER
2159ebe0        $moviethread_linergb_?@MAJIRO_INTER
78a6a112        $moviecallreleasex_$#@MAJIRO_INTER
c47dbe4b        $moviestrdebugout_audio_*@MAJIRO_INTER
bbf35806        $movieweb_zero_rect!@MAJIRO_INTER
20caeb0e        $moviedefine_smoothinvalidate^@MAJIRO_INTER
f103c078        $movie2_high_copy_$#@MAJIRO_INTER
c102bcc3        $movieselreleaselog_&@MAJIRO_INTER
eeaa9104        $movieselectfont_paste_%@MAJIRO_INTER
d5999d46        $movieendpicsmooth&@MAJIRO_INTER
3c84073c        $moviestop_timerlen&@MAJIRO_INTER
806261ce        $movieall_raw_wnd_#@MAJIRO_INTER
b758ac4e        $movievariable_data_debugout$@MAJIRO_INTER
f103c078        $moviestringclickfuchidori_#@MAJIRO_INTER
25d92502        $moviebuffer_2_key$#@MAJIRO_INTER
d1921ed9        $movieunwaitnoweb_%#@MAJIRO_INTER
f430015b        $moviemode_pop_ing_*@MAJIRO_INTER
faf17b1c        $moviezero_replaying@MAJIRO_INTER
a909a32a        $moviefemale_onbutton_&@MAJIRO_INTER
850eecf4        $moviegender_endfree_$#@MAJIRO_INTER
f103c078        $moviegender_isproportional_home$@MAJIRO_INTER
ca5c98f2        $movieprev_dofree_?@MAJIRO_INTER
d215e29a        $moviequick_failsafe_string_^@MAJIRO_INTER
ab13be44        $movieretoffset_get_%#@MAJIRO_INTER
b84c9953        $moviemove_threadgrp%@MAJIRO_INTER
f4bb403d        $movierotatefont_reg_&@MAJIRO_INTER
5131e234        $movierotatepointcontinue~@MAJIRO_INTER
e316a8f2        $movierotate_varrand_$#@MAJIRO_INTER
2c18d5a9        $moviecontinue_paste_vol_*@MAJIRO_INTER
d481e1a2        $moviedefaulton_var%@MAJIRO_INTER
c68c011a        $moviedataarflg_&@MAJIRO_INTER
eeaa9104        $moviedraw_reset_config!@MAJIRO_INTER
05b1a6e8        $moviehide_offsetfont~@MAJIRO_INTER
b1681699        $movieoffsetclient3_$@MAJIRO_INTER
af6571ab        $movieto_strquick_~@MAJIRO_INTER
efd59130        $moviebuff_invalidatefps%@MAJIRO_INTER
50cd2dca        $movieclickreadpop_%@MAJIRO_INTER
ebb5886c        $movielclickonhide?@MAJIRO_INTER
824d124f        $moviefamily_random_play~@MAJIRO_INTER
23d5d11d        $movie_page_anticall_@MAJIRO_INTER
a90f0e05        $movie_sprite_dimdraw_~@MAJIRO_INTER
00d696cc        $movie_musicclear_all_!@MAJIRO_INTER
3c84073c        $movie_histbuffrandom_disable_#@MAJIRO_INTER
89ce8c53        $movie_load_leny?@MAJIRO_INTER
ca30043a        $movie_eventisproportional_random%@MAJIRO_INTER
125cfbdb        $movie_dim_clickskip_!@MAJIRO_INTER
bc42ca9a        $movie_reg_checkrgba%#@MAJIRO_INTER
e5a2ce14        $movie_dialograndmenu_%#@MAJIRO_INTER
269bda78        $movie_shookbegin%@MAJIRO_INTER
87a631a6        $movie_s_winhistory_%@MAJIRO_INTER
125cfbdb        $movie_createselectarea_%@MAJIRO_INTER
aefc64da        $movie_vol_1key#@MAJIRO_INTER
00d696cc        $movie_cursormenulow!@MAJIRO_INTER
65075141        $movie_logoffset_home_$@MAJIRO_INTER
bef4edfa        $movie_wipepastewallpaper?@MAJIRO_INTER
23d5d11d        $movie_fn_rectsound$@MAJIRO_INTER
7e0b8320        $movie_existpansmooth_#@MAJIRO_INTER
ca30043a        $movie_pushcall_skip$@MAJIRO_INTER
0d36e2a7        $movie_loop_write_window_%#@MAJIRO_INTER
88b4b26c        $movie_highstringbuffer$#@MAJIRO_INTER
1cd5bca8        $movie_putatfuchidori*@MAJIRO_INTER
cc3e0342        $movie_ed_set_sys?@MAJIRO_INTER
4311cfa6        $movie_offsspdtl$#@MAJIRO_INTER
168efcb7        $movie_repeatrepeatrgba!@MAJIRO_INTER
850eecf4        $movie_repeat_face_open_$#@MAJIRO_INTER
f6416e87        $movie_table_windowkey$#@MAJIRO_INTER
efd59130        $movie_home_clickput~@MAJIRO_INTER
3474d65b        $movie_window_setcheck^@MAJIRO_INTER
ebb5886c        $movie_win_front_debugout_^@MAJIRO_INTER
efd59130        $movie_ex_offsconfig_?@MAJIRO_INTER
09c43040        $movie_buffshow_high_?@MAJIRO_INTER
f3d276f1        $movie_historyvariablepos_%@MAJIRO_INTER
2075c300        $movie_mclick_raw_box^@MAJIRO_INTER
cd111b0e        $movie_ar_invalidatemake%@MAJIRO_INTER
ad0f8767        $musicfuchidori_volout^@MAJIRO_INTER
5131e234        $musicfuchidori_extwnd_*@MAJIRO_INTER
09c43040        $musicconsole_debugout_offset%#@MAJIRO_INTER
a90f0e05        $musicthreadget_mod~@MAJIRO_INTER
25d92502        $musictime_continuel$#@MAJIRO_INTER
ad0f8767        $musicwritearea_male$#@MAJIRO_INTER
bb9d7a7f        $musicwrite_home_str_?@MAJIRO_INTER
af6571ab        $musicreg_framefps_!@MAJIRO_INTER
b3ffdffa        $musicdialogcontinueevent_&@MAJIRO_INTER
c102bcc3        $musicdialog_force_moji%#@MAJIRO_INTER
d5999d46        $musicdialog_innercolor~@MAJIRO_INTER
490d6b50        $musiclmousecolor_&@MAJIRO_INTER
844d2028        $musicsexec_sub%@MAJIRO_INTER
bef4edfa        $musictl_continue_last#@MAJIRO_INTER
88b4b26c        $musicrelease_high_isproportional_$#@MAJIRO_INTER
b758ac4e        $musicselect_unwaitheight#@MAJIRO_INTER
bbf35806        $musicplayrandom_check_%#@MAJIRO_INTER
d583668c        $musicoutcheckbounds!@MAJIRO_INTER
321717d1        $musicenable_repeatabs_%@MAJIRO_INTER
2e99e98c        $musiccursor_swapselect*@MAJIRO_INTER
00d696cc        $musicbuffervarread_%#@MAJIRO_INTER
8fe5d6e7        $musicunwaitstartlow_*@MAJIRO_INTER
d583668c        $musicfree_data_show%@MAJIRO_INTER
b758ac4e        $musicstat_pause_mod_&@MAJIRO_INTER
168efcb7        $musicrgbpanning_abs_%#@MAJIRO_INTER
6e7f7fb7        $musicloop_high_speed_@MAJIRO_INTER
7e0b8320        $musiccliptextlow?@MAJIRO_INTER
b758ac4e        $musicanimate_at_click_$@MAJIRO_INTER
507f22c6        $musiclowdebugoutdo@MAJIRO_INTER
e316a8f2        $musiclow_key_dialog$#@MAJIRO_INTER
3c84073c        $musicconfigbuffer_front_&@MAJIRO_INTER
7e0b8320        $musiccontinuefontout_make_?@MAJIRO_INTER
faf17b1c        $musicputopen4&@MAJIRO_INTER
ad0f8767        $musicbgm_variable_spd@MAJIRO_INTER
3c84073c        $musicsyncto_mod_&@MAJIRO_INTER
4c99b0ea        $musicinnerextwrite@MAJIRO_INTER
9143dc9e        $musiclen_var_tl$#@MAJIRO_INTER
168efcb7        $musiclclick_proportional_area$@MAJIRO_INTER
23d5d11d        $musicfamilyl_height_?@MAJIRO_INTER
bb9d7a7f        $music_isyes_mode_!@MAJIRO_INTER
2cd009af        $music_sprite_putmod&@MAJIRO_INTER
0ebc053b        $music_sprite_repeat_low$#@MAJIRO_INTER
50cd2dca        $music_makegetwindow_$@MAJIRO_INTER
fb7fb744        $music_event_failsafe4_~@MAJIRO_INTER
dca7da63        $music_write_high_lclick_?@MAJIRO_INTER
0dc634c4        $music_clientclipabs_^@MAJIRO_INTER
2e99e98c        $music_y_wipe_animate_$#@MAJIRO_INTER
bef4edfa        $music_sdebugout_ex&@MAJIRO_INTER
86e933d1        $music_define_offs_wait%#@MAJIRO_INTER
f9d94e91        $music_out_exist_repeat_~@MAJIRO_INTER
b0ce081a        $music_mojifacefont_$@MAJIRO_INTER
09c43040        $music_mode2panning_&@MAJIRO_INTER
844d2028        $music_free_startar_&@MAJIRO_INTER
ca5c98f2        $music_pop_cur_invalidate_&@MAJIRO_INTER
29098ec0        $music_move_rectdraw@MAJIRO_INTER
78a6a112        $music_abs_anti_ex_%@MAJIRO_INTER
ca5c98f2        $music_configcheckbuff_&@MAJIRO_INTER
b1681699        $music_zoomoffsscreen%#@MAJIRO_INTER
f9d94e91        $music_put_endsound$#@MAJIRO_INTER
cc3e0342        $music_start_rgbset_*@MAJIRO_INTER
b7e3e81c        $music_lentalkat_^@MAJIRO_INTER
1cd5bca8        $music_history_buffer_rotate_$#@MAJIRO_INTER
d481e1a2        $music_rclickset_mclick$@MAJIRO_INTER
23d5d11d        $music_face_atbuffer_*@MAJIRO_INTER
86e933d1        $soundisprev_invalidate$@MAJIRO_INTER
bfa74901        $soundmusicreadsync_^@MAJIRO_INTER
a90f0e05        $soundinvalidate_atdata&@MAJIRO_INTER
8f874e29        $soundthreadhiddenline^@MAJIRO_INTER
bc42ca9a        $soundwait_down_sound~@MAJIRO_INTER
f3d276f1        $soundstrlogreg?@MAJIRO_INTER
26dc6566        $soundwebopen_ret_$#@MAJIRO_INTER
dca7da63        $sounddialog_writedisable_%#@MAJIRO_INTER
7d8b2c41        $soundsysproportional_ch$@MAJIRO_INTER
f430015b        $sound4_on2&@MAJIRO_INTER
f63ed9ae        $soundpause_inbounds_$#@MAJIRO_INTER
50846ad3        $soundpause_priority_4%@MAJIRO_INTER
45e32ea6        $soundvariablein_unwait_!@MAJIRO_INTER
c438ba98        $soundrandom_downsel_#@MAJIRO_INTER
125cfbdb        $soundauto_pan_intro_#@MAJIRO_INTER
bc42ca9a        $soundspddisableno$@MAJIRO_INTER
a549e852        $soundwipe_pop_menu*@MAJIRO_INTER
163c0878        $soundfnkey_system_$#@MAJIRO_INTER
3670b283        $soundrgb_gender_play~@MAJIRO_INTER
5c9761c5        $soundboldbuffer_speed&@MAJIRO_INTER
9143dc9e        $soundreplace_menu_load_$#@MAJIRO_INTER
f103c078        $soundabs1_cursor_?@MAJIRO_INTER
99a5de25        $soundanti_text_str_%@MAJIRO_INTER
c1d2b85a        $soundzoom_rotateex!@MAJIRO_INTER
1cd5bca8        $soundre_sys_create_$#@MAJIRO_INTER
eb5cc468        $soundrepeatbox_abs_^@MAJIRO_INTER
3eabf498        $soundcon4_face%@MAJIRO_INTER
d583668c        $soundboundsload_audio^@MAJIRO_INTER
507f22c6        $soundtextlen_family@MAJIRO_INTER
5c9761c5        $soundbuffinstat_%@MAJIRO_INTER
b758ac4e        $soundlclick_sys_alfa_$#@MAJIRO_INTER
0d36e2a7        $soundskip_put_rgba_$@MAJIRO_INTER
bc6402c9        $soundface_rclick_2_$#@MAJIRO_INTER
ab13be44        $sound_dostart_client@MAJIRO_INTER
e316a8f2        $sound_isret_ch!@MAJIRO_INTER
5131e234        $sound_mouse_play_grp~@MAJIRO_INTER
b7e3e81c        $sound_eventclear_swap*@MAJIRO_INTER
cd111b0e        $sound_file_yes_talk_%@MAJIRO_INTER
c46925cf        $sound_changebox_paste_!@MAJIRO_INTER
bc6402c9        $sound_volumeanti_resume_%#@MAJIRO_INTER
7547c477        $sound_force_default_flg@MAJIRO_INTER
8fe5d6e7        $sound_no_rgba_panning_@MAJIRO_INTER
bc6402c9        $sound_front_isproportionalmale$#@MAJIRO_INTER
86e933d1        $sound_wallpaperset_histbuff#@MAJIRO_INTER
aefc64da        $sound_zero_4all$@MAJIRO_INTER
2075c300        $sound_pop_afterch?@MAJIRO_INTER
bb9d7a7f        $sound_push_shadowed_$#@MAJIRO_INTER
42f6fddf        $sound_move_linere^@MAJIRO_INTER
3670b283        $sound_pasteprevpaste_*@MAJIRO_INTER
8cfc4573        $sound_effect_swap_hidden#@MAJIRO_INTER
929a367d        $sound_text_unwait_re_!@MAJIRO_INTER
4fac462c        $sound_proportionalload_read_?@MAJIRO_INTER
25d92502        $voicedois_call%#@MAJIRO_INTER
29098ec0        $voices_fastreset!@MAJIRO_INTER
42f6fddf        $voicedefineset_resume*@MAJIRO_INTER
00d696cc        $voicebegin_random_disable_@MAJIRO_INTER
b0ce081a        $voicestoprgb_invalidate*@MAJIRO_INTER
0542e1b7        $voiceinrclickgender~@MAJIRO_INTER
fb7fb744        $voicevarisraw%@MAJIRO_INTER
6ddeb30e        $voicerand_conput$@MAJIRO_INTER
bc6402c9        $voiceunwait_read_save@MAJIRO_INTER
f103c078        $voicemojihigh_get@MAJIRO_INTER
bef4edfa        $voicespdwnd_continue_#@MAJIRO_INTER
faf17b1c        $voicefemale_out_file&@MAJIRO_INTER
2c18d5a9        $voicegender_enableframe_&@MAJIRO_INTER
8f874e29        $voicepoint_load_proportional!@MAJIRO_INTER
25d92502        $voicehide_textwrite_?@MAJIRO_INTER
b0ce081a        $voiceregion_intropos^@MAJIRO_INTER
46b18379        $voicerepeat_enablepush&@MAJIRO_INTER
2bd1709d        $voicebounds_stringrelease_~@MAJIRO_INTER
d583668c        $voicehistoryaudio_ing&@MAJIRO_INTER
6ddeb30e        $voicevisiblevoiceinner_%#@MAJIRO_INTER
26dc6566        $voice_do_high_talk%@MAJIRO_INTER
de1e2ed0        $voice_do_high_talk#@MAJIRO_INTER
bfa74901        $voice_musicdown_vol@MAJIRO_INTER
82fd765b        $voice_music_pastesel&@MAJIRO_INTER
00d696cc        $voice_fastre_pause%#@MAJIRO_INTER
125cfbdb        $voice_fuchidoris_volume^@MAJIRO_INTER
321717d1        $voice_fontout_bounds_rclick_%@MAJIRO_INTER
af6571ab        $voice_timer_variable_l#@MAJIRO_INTER
38721a26        $voice_exit_extout~@MAJIRO_INTER
efd59130        $voice_x_reg_male~@MAJIRO_INTER
321717d1        $voice_s_variable_anti$#@MAJIRO_INTER
f430015b        $voice_font_ing_1_^@MAJIRO_INTER
bbf35806        $voice_selectautosmooth#@MAJIRO_INTER
3474d65b        $voice_hook_release_fps_^@MAJIRO_INTER
b84c9953        $voice_heightrotate_force%#@MAJIRO_INTER
ca5c98f2        $voice_force_home_wait_%#@MAJIRO_INTER
0542e1b7        $voice_front_last_effect_@MAJIRO_INTER
bc6402c9        $voice_moji_loop_font~@MAJIRO_INTER
82fd765b        $voice_speedmode_yes?@MAJIRO_INTER
7547c477        $voice_femalevariablergb_$@MAJIRO_INTER
e316a8f2        $voice_fn_female_release*@MAJIRO_INTER
bc6402c9        $voice_statmode_ext_%@MAJIRO_INTER
bc6402c9        $voice_lowstop_buffer&@MAJIRO_INTER
da60f137        $voice_atinvalidate_sprite_$@MAJIRO_INTER
844d2028        $voice_chis_skip_?@MAJIRO_INTER
aefc64da        $voice_default_table_event%#@MAJIRO_INTER
6e7f7fb7        $voice_datafree_vol_&@MAJIRO_INTER
45e32ea6        $voice_modrepeat_yes_~@MAJIRO_INTER
87a631a6        $voice_smoothcurdim~@MAJIRO_INTER
a909a32a        $voice_audioline_sys&@MAJIRO_INTER
09c43040        $voice_lenhookshow*@MAJIRO_INTER
bbf35806        $voice_buttoningmodify!@MAJIRO_INTER
50846ad3        $voice_proportional_eventwait_#@MAJIRO_INTER
d08a57f8        $makeis_quick_str_%@MAJIRO_INTER
c47dbe4b        $makegrpexist_all%#@MAJIRO_INTER
d1921ed9        $maketimerdim_vol?@MAJIRO_INTER
23d5d11d        $makescreen_rectswap*@MAJIRO_INTER
b758ac4e        $makestrfnget!@MAJIRO_INTER
9af10167        $makedebugoutboxfontout_$#@MAJIRO_INTER
f6416e87        $makesetup_arsprite_%#@MAJIRO_INTER
168efcb7        $makel_flgdown&@MAJIRO_INTER
7e0b8320        $makessmoothstr_^@MAJIRO_INTER
8cd709f9        $makevolumefile_rclick$#@MAJIRO_INTER
c68c011a        $makereadhidedebugout@MAJIRO_INTER
20caeb0e        $makepause_text_reset_#@MAJIRO_INTER
f6416e87        $makemode_4_start&@MAJIRO_INTER
2cb1bc41        $makeboldsprite_page_~@MAJIRO_INTER
b268f04f        $makeboldfpsfuchidori_*@MAJIRO_INTER
2bd1709d        $makequickrect_rgb_&@MAJIRO_INTER
9af10167        $makeprioritycallpop_#@MAJIRO_INTER
1cd5bca8        $makezoom_next_string_*@MAJIRO_INTER
15d07df8        $makeafter_system_talk@MAJIRO_INTER
0dc634c4        $makewndinvalidatefile_%@MAJIRO_INTER
850eecf4        $makeisproportional_weblow?@MAJIRO_INTER
a549e852        $make_voicedefine_y_?@MAJIRO_INTER
78a6a112        $make_invalidateface_create$#@MAJIRO_INTER
d1921ed9        $make_timertlskip_*@MAJIRO_INTER
87a631a6        $make_waitwebstring$#@MAJIRO_INTER
7547c477        $make_execsound_system$@MAJIRO_INTER
a909a32a        $make_change_exist_client%#@MAJIRO_INTER
00d696cc        $make_key_push_reg_%#@MAJIRO_INTER
f4bb403d        $make_lexecmouse*@MAJIRO_INTER
490d6b50        $make_tl_speed_clear@MAJIRO_INTER
163c0878        $make_system_change_clear_!@MAJIRO_INTER
4311cfa6        $make_selswap_ch^@MAJIRO_INTER
de1e2ed0        $make_selswap_ch_@MAJIRO_INTER
3f401bbd        $make_readscreen_box$@MAJIRO_INTER
efd59130        $make_stop_push_gender*@MAJIRO_INTER
5c9761c5        $make_var_isproportionaldialog_!@MAJIRO_INTER
6ddeb30e        $make_femalemclick_win%#@MAJIRO_INTER
2cb1bc41        $make_female_in_create_%#@MAJIRO_INTER
850eecf4        $make_next_prevfast_*@MAJIRO_INTER
7d8b2c41        $make_fn_movebold_$@MAJIRO_INTER
e316a8f2        $make_menushadowabs_#@MAJIRO_INTER
5131e234        $make_bold_eventheight_#@MAJIRO_INTER
42f6fddf        $make_down_fnwallpaper_*@MAJIRO_INTER
9143dc9e        $make_popbounds_proportional!@MAJIRO_INTER
05b1a6e8        $make_replace_yend_%@MAJIRO_INTER
1f5a14d4        $make_resume_mclick_release@MAJIRO_INTER
0ebc053b        $make_animate1define_!@MAJIRO_INTER
38721a26        $make_lowputforce_&@MAJIRO_INTER
eeaa9104        $make_edskip_read_@MAJIRO_INTER
f66cd6ea        $make_hide_menusetup_&@MAJIRO_INTER
82fd765b        $make_check_historyclear%@MAJIRO_INTER
87a631a6        $make_bounds_varreplay_^@MAJIRO_INTER
0ebc053b        $make_history_resumewrite_*@MAJIRO_INTER
29098ec0        $make_hidden_click_continue_#@MAJIRO_INTER
2e99e98c        $make_proportional_click_low_$#@MAJIRO_INTER
f5e5be93        $savetimereadmodify_?@MAJIRO_INTER
3378635d        $savedimsystem_stat&@MAJIRO_INTER
c47dbe4b        $savechangeforce_zoom_?@MAJIRO_INTER
7d8b2c41        $savepos_modifyintro_^@MAJIRO_INTER
0d36e2a7        $savecur_atat$@MAJIRO_INTER
d08a57f8        $savevolmenu_quick_*@MAJIRO_INTER
fb7fb744        $savevoloffsetfade_*@MAJIRO_INTER
f66cd6ea        $save3home_intro_$#@MAJIRO_INTER
6e7f7fb7        $savefontvar_lclick_@MAJIRO_INTER
3474d65b        $savefontgender_s_~@MAJIRO_INTER
e5a2ce14        $savesel_do_moji&@MAJIRO_INTER
0ebc053b        $savesel_sfemale_$@MAJIRO_INTER
da60f137        $saveforceconfigsound_!@MAJIRO_INTER
f65aa4c0        $savevariablewincall$@MAJIRO_INTER
f65aa4c0        $saveauto_rotate_set_$#@MAJIRO_INTER
b7e3e81c        $saveexist_retload?@MAJIRO_INTER
9af10167        $savequickmod_menu$@MAJIRO_INTER
850eecf4        $saveresumesystem_table_?@MAJIRO_INTER
7547c477        $savemovepaste_timer^@MAJIRO_INTER
ab13be44        $savesmooth_talkselect~@MAJIRO_INTER
490d6b50        $savetabletimerspeed$@MAJIRO_INTER
ebb5886c        $savewin_mojiin_#@MAJIRO_INTER
09c43040        $saveclearopenpage$#@MAJIRO_INTER
b84c9953        $saveboxdata_fade~@MAJIRO_INTER
490d6b50        $savevisible_maleunwait_@MAJIRO_INTER
806261ce        $savehidden_hiddenfile_@MAJIRO_INTER
d215e29a        $saveframevoice_re_^@MAJIRO_INTER
7e0b8320        $saveisproportional_abs_stat_$@MAJIRO_INTER
c32e286f        $save_page_select_font_@MAJIRO_INTER
b84c9953        $save_reset_force_inner%@MAJIRO_INTER
8f874e29        $save_curprev_client*@MAJIRO_INTER
99a5de25        $save_releaseselfontout_%#@MAJIRO_INTER
507f22c6        $save_4_exitext_$#@MAJIRO_INTER
f63ed9ae        $save_selconsole_end#@MAJIRO_INTER
aefc64da        $save_endconsolezero_%#@MAJIRO_INTER
f6416e87        $save_allsetupread_%@MAJIRO_INTER
0ebc053b        $save_variablelentime&@MAJIRO_INTER
3474d65b        $save_logstatpage*@MAJIRO_INTER
25d92502        $save_no_ch_sub$#@MAJIRO_INTER
45acd4a7        $save_random_create_s#@MAJIRO_INTER
9143dc9e        $save_spdputhistbuff^@MAJIRO_INTER
a549e852        $save_point_dialogrgba_#@MAJIRO_INTER
86e933d1        $save_point_random_web$@MAJIRO_INTER
929a367d        $save_zoomgrp_pan_&@MAJIRO_INTER
e5a2ce14        $save_intro_disable_continue_^@MAJIRO_INTER
42f6fddf        $save_intro_smooth_play_%@MAJIRO_INTER
b268f04f        $save_bgmstring_button!@MAJIRO_INTER
ca30043a        $save_repeatcopy_zoom%#@MAJIRO_INTER
2075c300        $save_wnd_len_area_~@MAJIRO_INTER
6e7f7fb7        $save_hidden_invalidateget$#@MAJIRO_INTER
3c84073c        $save_face_replay_fade@MAJIRO_INTER
f66cd6ea        $save_proportionalfailsafe_pos~@MAJIRO_INTER
125cfbdb        $areaget_readsystem%#@MAJIRO_INTER
cd111b0e        $areamakerect_define_~@MAJIRO_INTER
bfa74901        $areamousefile_area_*@MAJIRO_INTER
7e0b8320        $areaconsole_volumeskip^@MAJIRO_INTER
1f5a14d4        $areaconsole_prioritymale_$@MAJIRO_INTER
f103c078        $areaevent_con_file@MAJIRO_INTER
ad0f8767        $areatime_spdoffset_!@MAJIRO_INTER
99a5de25        $areawaitresumeex~@MAJIRO_INTER
d583668c        $areaexit_height_to_!@MAJIRO_INTER
b268f04f        $areawritespd_vol_&@MAJIRO_INTER
0d36e2a7        $areadebugout_heightmale_#@MAJIRO_INTER
8cfc4573        $areacur_copy_tl^@MAJIRO_INTER
2e99e98c        $areaystr_movie^@MAJIRO_INTER
b0ce081a        $areasfree_skip*@MAJIRO_INTER
6ddeb30e        $areatlfacereset&@MAJIRO_INTER
d5999d46        $areareleaseenablegender_&@MAJIRO_INTER
ebb5886c        $areavolume_timertimer!@MAJIRO_INTER
c32e286f        $area3web_table_^@MAJIRO_INTER
3cba6309        $areain_voice_next?@MAJIRO_INTER
0542e1b7        $areaenableregread_%@MAJIRO_INTER
490d6b50        $arearaw_out_str_@MAJIRO_INTER
86e933d1        $arealog_rand_out@MAJIRO_INTER
f103c078        $areaautowipe_cur@MAJIRO_INTER
45acd4a7        $areaspeedpausethread_?@MAJIRO_INTER
5c9761c5        $areazeronext_rclick^@MAJIRO_INTER
7547c477        $areaabs_histbuffskip_%#@MAJIRO_INTER
929a367d        $areaatfont_swap_~@MAJIRO_INTER
b758ac4e        $areaanti_replacelast_!@MAJIRO_INTER
2cb1bc41        $areadraw_randomraw*@MAJIRO_INTER
20caeb0e        $areaedwin_reset_@MAJIRO_INTER
f9d94e91        $areapaste_fontoutexist_#@MAJIRO_INTER
ca30043a        $areasmoothsaveforce$@MAJIRO_INTER
c438ba98        $areaoffsetdim_exist%@MAJIRO_INTER
Traceback (most recent call last):
  File "wordsmash.py", line 220, in <module>
  File "wordsmash.py", line 212, in main
  File "wordsmash.py", line 153, in do_wordmash
KeyboardInterrupt

C:\%REPOPATH%\majiro-py\src>