[2021-05-02 17:24:20]	11f91fd3	%Op_internalCase~@MAJIRO_INTER
[2021-05-02 17:24:38]	11f91fd3	%_sys__operand_jmp__sys__~#@MAJIRO_INTER
[2021-05-02 17:24:38]	11f91fd3	%_sys__operand_jmp__sys__~#@MAJIRO_INTER
[2021-05-02 17:24:42]	11f91fd3	%Sys_SYS__access_Jmp_&@MAJIRO_INTER
[2021-05-02 17:24:56]	11f91fd3	%Sys_SYS__access_Jmp_&@MAJIRO_INTER
[2021-05-02 17:25:23]	11f91fd3	%branchOperand_quick_r?@MAJIRO_INTER
[2021-05-02 17:25:26]	11f91fd3	%Branch_varVaraccess!#@GLOBAL
[2021-05-02 17:26:08]	11f91fd3	%Statementlocal_Branch_quick_~@GLOBAL
[2021-05-02 17:45:49]	959b0a16	$abs@MAJIRO_INTER
[2021-05-02 17:46:00]	959b0a16	$abs@MAJIRO_INTER
[2021-05-02 17:47:22]	959b0a16	$abs@MAJIRO_INTER
[2021-05-02 17:50:10]	959b0a16	$abs@MAJIRO_INTER
[2021-05-02 17:52:48]	959b0a16	$abs@MAJIRO_INTER
[2021-05-02 17:53:43]	959b0a16	$abs@MAJIRO_INTER
[2021-05-02 17:54:12]	959b0a16	$abs@MAJIRO_INTER
[2021-05-02 17:54:14]	959b0a16	$abs@MAJIRO_INTER
[2021-05-02 17:55:24]	959b0a16	$abs@MAJIRO_INTER
[2021-05-02 17:55:26]	959b0a16	$abs@MAJIRO_INTER
[2021-05-02 17:56:44]	959b0a16	$abs@MAJIRO_INTER
[2021-05-02 18:00:12]	959b0a16	$abs@MAJIRO_INTER
[2021-05-02 18:00:14]	959b0a16	$abs@MAJIRO_INTER
[2021-05-02 18:02:59]	959b0a16	$abs@MAJIRO_INTER
[2021-05-02 18:04:17]	11f91fd3	%Op_internalCase~@MAJIRO_INTER
[2021-05-02 18:04:36]	11f91fd3	%_sys__operand_jmp__sys__~#@MAJIRO_INTER
[2021-05-02 18:04:36]	11f91fd3	%_sys__operand_jmp__sys__~#@MAJIRO_INTER
[2021-05-02 18:04:39]	11f91fd3	%Sys_SYS__access_Jmp_&@MAJIRO_INTER
[2021-05-02 18:04:53]	11f91fd3	%Sys_SYS__access_Jmp_&@MAJIRO_INTER
[2021-05-02 18:05:11]	11f91fd3	%Op_internalCase~@MAJIRO_INTER
[2021-05-02 18:05:29]	11f91fd3	%Op_internalCase~@MAJIRO_INTER
[2021-05-02 18:05:48]	11f91fd3	%_sys__operand_jmp__sys__~#@MAJIRO_INTER
[2021-05-02 18:05:48]	11f91fd3	%_sys__operand_jmp__sys__~#@MAJIRO_INTER
[2021-05-02 18:05:52]	11f91fd3	%Sys_SYS__access_Jmp_&@MAJIRO_INTER
[2021-05-02 18:07:13]	00000000	
[2021-05-02 18:08:29]	00000000	
[2021-05-02 18:17:00]	7ce76169	SAVEMENU
[2021-05-02 18:17:00]	aaf02220	LOADMENU
[2021-05-02 18:17:00]	24b05f59	CONFIGMENU
[2021-05-02 18:17:00]	4a6bf175	POPUP_EXIT
[2021-05-02 18:17:00]	d3ca70e5	GAIZI_OUT
[2021-05-02 18:17:17]	7ee67053	PAUSE_IN_HISTORY
[2021-05-02 18:17:31]	00000000	VZZZ_K
[2021-05-02 18:17:42]	00000000	WFT7EF
[2021-05-02 18:18:37]	7ce76169	DOROTATE_MOD_RTRN_
[2021-05-02 18:19:10]	42629f01	DO_PICHIGH_RTN
[2021-05-02 18:19:53]	24b05f59	DO_HISTORY_PREV_ING
[2021-05-02 18:20:09]	1a95282e	DO_POPUPYESWITH
[2021-05-02 18:25:26]	42629f01	DO_PICHIGH_RTN
[2021-05-02 18:29:19]	57b19bf8	TO_FULL_SCREEN
[2021-05-02 18:42:38]	1a95282e	ESCAPE_LOWPASTEWITH
[2021-05-02 18:46:13]	ad050bff	SMALLSYNCRESUMESETUP_
[2021-05-02 18:50:06]	ad050bff	CLOSE_WROTE_BOLDRTN
[2021-05-02 19:18:15]	42629f01	CONSOLE_BEGINPOPUPCONSOLE
[2021-05-02 19:31:47]	1a95282e	LOCALTRANS_SHOWSELECTER_DISP
[2021-05-02 20:30:23]	7d8b2c41	max_maxdraw@@MAJIRO_INTER
[2021-05-02 20:30:23]	0d36e2a7	escaperclickquick$#@@MAJIRO_INTER
[2021-05-02 20:30:24]	a909a32a	picinunwait~@@MAJIRO_INTER
[2021-05-02 20:30:37]	f66cd6ea	wallpaper_dash_config@@MAJIRO_INTER
[2021-05-02 20:30:43]	45acd4a7	chbeep_client$@@MAJIRO_INTER
[2021-05-02 20:30:44]	929a367d	antirecover_goto!@@MAJIRO_INTER
[2021-05-02 20:30:48]	38721a26	con_2draw@@MAJIRO_INTER
[2021-05-02 20:30:55]	bc6402c9	nvlcls_cb$#@@MAJIRO_INTER
[2021-05-02 20:31:06]	ca5c98f2	set_recttransit~@MAJIRO_INTER
[2021-05-02 20:31:07]	c102bcc3	areanekomin%#@MAJIRO_INTER
[2021-05-02 20:31:13]	00d696cc	1musicvolume$#@MAJIRO_INTER
[2021-05-02 20:31:13]	af6571ab	1_gaiziextra#@MAJIRO_INTER
[2021-05-02 20:31:19]	88b4b26c	spdrepeat_modify~@MAJIRO_INTER
[2021-05-02 20:31:19]	f65aa4c0	genderfromtalk@MAJIRO_INTER
[2021-05-02 20:31:20]	aefc64da	gender_erase_out~@MAJIRO_INTER
[2021-05-02 20:31:22]	b0ce081a	ret_crlffontout@MAJIRO_INTER
[2021-05-02 20:31:23]	1f5a14d4	panfailsafecont%@MAJIRO_INTER
[2021-05-02 20:31:24]	bbf35806	panning_replacegoto@MAJIRO_INTER
[2021-05-02 20:31:27]	dca7da63	check_transit_exit%#@MAJIRO_INTER
[2021-05-02 20:31:31]	ad0f8767	box_lastcrlf#@MAJIRO_INTER
[2021-05-02 20:31:33]	f6416e87	interbeep_into$#@MAJIRO_INTER
[2021-05-02 20:31:35]	f4bb403d	cut_auto_bold@MAJIRO_INTER
[2021-05-02 20:31:41]	8fe5d6e7	control_xend$#@MAJIRO_INTER
[2021-05-02 20:31:45]	507f22c6	normal_free_mode#@MAJIRO_INTER
[2021-05-02 20:31:49]	a909a32a	facesoundadvinto#@MAJIRO_INTER
[2021-05-02 20:31:50]	bc6402c9	facemake_at_escape$#@MAJIRO_INTER
[2021-05-02 20:31:50]	507f22c6	faceinvalidate_shadowall$#@MAJIRO_INTER
[2021-05-02 20:31:51]	c102bcc3	facehistbuffdisposedown$@MAJIRO_INTER
[2021-05-02 20:31:52]	8fe5d6e7	facewait_arvariable!@MAJIRO_INTER
[2021-05-02 20:31:57]	d08a57f8	facebegin_shadow_escape%@MAJIRO_INTER
[2021-05-02 20:31:58]	29098ec0	facefadeesc_ed!@MAJIRO_INTER
[2021-05-02 20:32:01]	e316a8f2	facestringmroll_stl#@MAJIRO_INTER
[2021-05-02 20:32:01]	ad0f8767	facebufferflashsystem%#@MAJIRO_INTER
[2021-05-02 20:32:05]	bc6402c9	facequickpicbeep%#@MAJIRO_INTER
[2021-05-02 20:32:06]	507f22c6	faceret_variablemenu!@MAJIRO_INTER
[2021-05-02 20:32:09]	f66cd6ea	facedata_boundswallpaper!@MAJIRO_INTER
[2021-05-02 20:32:12]	cc3e0342	faceon_boundsnext!@MAJIRO_INTER
[2021-05-02 20:32:12]	5c9761c5	facetabledefbounds#@MAJIRO_INTER
[2021-05-02 20:32:13]	b0ce081a	facehomeselecterfuchidori#@MAJIRO_INTER
[2021-05-02 20:32:14]	42d7c922	facebounds_file_zoom%#@MAJIRO_INTER
[2021-05-02 20:32:14]	cd111b0e	facebounds_catch_mode~@MAJIRO_INTER
[2021-05-02 20:32:14]	e316a8f2	facehistoryg_buffer~@MAJIRO_INTER
[2021-05-02 20:32:19]	c438ba98	facerecoversmallanti$@MAJIRO_INTER
[2021-05-02 20:32:19]	d583668c	facerecoverlog_animate$#@MAJIRO_INTER
[2021-05-02 20:32:24]	7e0b8320	face9_bufferrand~@MAJIRO_INTER
[2021-05-02 20:32:26]	8fe5d6e7	faceindentisproportionalhikkake#@MAJIRO_INTER
[2021-05-02 20:32:27]	c438ba98	facegura_hidemsg@MAJIRO_INTER
[2021-05-02 20:32:28]	af6571ab	facecharesc_flg$@MAJIRO_INTER
[2021-05-02 20:32:36]	bbf35806	face_fontout_failsafeinstall#@MAJIRO_INTER
[2021-05-02 20:32:38]	62442ec6	face_execspeedbounds@MAJIRO_INTER
[2021-05-02 20:32:41]	c46925cf	face_releasedefaultadv%@MAJIRO_INTER
[2021-05-02 20:32:47]	faf17b1c	face_front_releaseonly#@MAJIRO_INTER
[2021-05-02 20:32:56]	25d92502	face_hideaftermusic%@MAJIRO_INTER
[2021-05-02 20:33:00]	4fac462c	face_text_xhistbuff#@MAJIRO_INTER
[2021-05-02 20:33:00]	d583668c	face_clear_dispose_width#@MAJIRO_INTER
[2021-05-02 20:33:00]	bc6402c9	face_boxdim_alfa$@MAJIRO_INTER
[2021-05-02 20:33:01]	f6416e87	face_mclickcuttime~@MAJIRO_INTER
[2021-05-02 20:33:06]	8cfc4573	face_novel_message_gaizi$#@MAJIRO_INTER
[2021-05-02 20:33:07]	f3d276f1	face_title_hidden_setup@MAJIRO_INTER
[2021-05-02 20:33:11]	78a6a112	face_printnvl_raw@MAJIRO_INTER
[2021-05-02 20:33:16]	78a6a112	sprkinsoku_transit_zoom~@MAJIRO_INTER
[2021-05-02 20:33:17]	c102bcc3	sprupdate_dispose_len#@MAJIRO_INTER
[2021-05-02 20:33:18]	f66cd6ea	sprfull_draw_dash@MAJIRO_INTER
[2021-05-02 20:33:19]	9143dc9e	sprpage_frame_change%#@MAJIRO_INTER
[2021-05-02 20:33:19]	163c0878	sprpic_put_change!@MAJIRO_INTER
[2021-05-02 20:33:20]	163c0878	sprarealog3%@MAJIRO_INTER
[2021-05-02 20:33:22]	c47dbe4b	sprthread_speed_last@MAJIRO_INTER
[2021-05-02 20:33:25]	cd111b0e	sprdebugoutchangevariable@MAJIRO_INTER
[2021-05-02 20:33:25]	fb7fb744	sprx_pausetop!@MAJIRO_INTER
[2021-05-02 20:33:26]	b0ce081a	sprsystem_file_break#@MAJIRO_INTER
[2021-05-02 20:33:27]	8cfc4573	spr3statarea#@MAJIRO_INTER
[2021-05-02 20:33:28]	fb7fb744	sprselectkoma_voice#@MAJIRO_INTER
[2021-05-02 20:33:31]	bc6402c9	sprforce_thread_dim%@MAJIRO_INTER
[2021-05-02 20:33:37]	c102bcc3	sprpushnextselvolume@MAJIRO_INTER
[2021-05-02 20:33:38]	f65aa4c0	sprmove_swapall%#@MAJIRO_INTER
[2021-05-02 20:33:39]	2e99e98c	sprmodify_jmp_thread$@MAJIRO_INTER
[2021-05-02 20:33:39]	f430015b	sprconfigfull_at$@MAJIRO_INTER
[2021-05-02 20:33:42]	09c43040	sprsmooth_inpop!@MAJIRO_INTER
[2021-05-02 20:33:43]	87a631a6	sprtosysmale$@MAJIRO_INTER
[2021-05-02 20:33:43]	ebb5886c	sprtablere_sprite@MAJIRO_INTER
[2021-05-02 20:33:48]	d583668c	sprproportionalrandom_disp%#@MAJIRO_INTER
[2021-05-02 20:33:50]	bbf35806	sprrtn_play_ed~@MAJIRO_INTER
[2021-05-02 20:33:50]	a909a32a	sprgoclosevariable!@MAJIRO_INTER
[2021-05-02 20:33:55]	faf17b1c	sprtransit_high_copy%#@MAJIRO_INTER
[2021-05-02 20:33:59]	b7e3e81c	sprscastopframe$@MAJIRO_INTER
[2021-05-02 20:34:00]	1f5a14d4	sprdisposeenterface#@MAJIRO_INTER
[2021-05-02 20:34:05]	aefc64da	spr_picstarttext$#@MAJIRO_INTER
[2021-05-02 20:34:07]	ca30043a	spr_threadtimejmp~@MAJIRO_INTER
[2021-05-02 20:34:14]	ad0f8767	spr_beginonlyexit#@MAJIRO_INTER
[2021-05-02 20:34:17]	b84c9953	spr_raw_dispwipe$#@MAJIRO_INTER
[2021-05-02 20:34:21]	efd59130	spr_existrtnuser#@MAJIRO_INTER
[2021-05-02 20:34:21]	a90f0e05	spr_menu_downwith#@MAJIRO_INTER
[2021-05-02 20:34:23]	42f6fddf	spr_resumelocalexit@MAJIRO_INTER
[2021-05-02 20:34:26]	c102bcc3	spr_data_ybutton#@MAJIRO_INTER
[2021-05-02 20:34:26]	5c9761c5	spr_zoomwidthexit%@MAJIRO_INTER
[2021-05-02 20:34:27]	faf17b1c	spr_showbounds_enter$@MAJIRO_INTER
[2021-05-02 20:34:28]	62442ec6	spr_offforce_wipe$#@MAJIRO_INTER
[2021-05-02 20:34:30]	ca5c98f2	spr_windowsend#@MAJIRO_INTER
[2021-05-02 20:34:31]	05b1a6e8	spr_historydispose_close$@MAJIRO_INTER
[2021-05-02 20:36:09]	2cb1bc41	$console_hist_pos@MAJIRO_INTER
[2021-05-02 20:39:29]	3f401bbd	$console_faceprevmajsca@MAJIRO_INTER
[2021-05-02 20:41:35]	3f401bbd	$console_faceprevmajsca@MAJIRO_INTER
[2021-05-02 20:46:00]	3f401bbd	$console_noface_y_wide_smooth#@MAJIRO_INTER
[2021-05-02 20:46:36]	88b4b26c	$console_noface_norm_hikkakestr@MAJIRO_INTER
[2021-05-02 20:50:00]	88b4b26c	$console_normresumebufferline$@MAJIRO_INTER
[2021-05-02 20:50:11]	88b4b26c	$console_normproportionalinvalidate_f%@MAJIRO_INTER
[2021-05-02 20:51:11]	3f401bbd	$console_norm_getresumenormal%@MAJIRO_INTER
[2021-05-02 20:52:43]	3f401bbd	$console_no_facewrote_min_select%#@MAJIRO_INTER
[2021-05-02 20:57:11]	3f401bbd	$console_no_nekofromfukidasi7%@MAJIRO_INTER
[2021-05-02 21:02:00]	3f401bbd	$console_numput_sprescape_define_invalidate#@MAJIRO_INTER
[2021-05-02 21:03:58]	88b4b26c	$console_num_hist@MAJIRO_INTER
[2021-05-02 21:04:00]	3f401bbd	$console_num_hist_wipe@MAJIRO_INTER
[2021-05-02 21:10:57]	b0ce081a	$voicerect_num@MAJIRO_INTER
[2021-05-02 21:10:57]	25d92502	$voicerect_name$@MAJIRO_INTER
[2021-05-02 21:10:57]	507f22c6	$voicerect_top@MAJIRO_INTER
[2021-05-02 21:10:57]	bbf35806	$voicerect_name_alt$@MAJIRO_INTER
[2021-05-02 21:11:35]	09c43040	$voicerect_back_len_quick$@MAJIRO_INTER
[2021-05-02 21:28:05]	09c43040	$voicerect_nowait_recover_install_6@MAJIRO_INTER
[2021-05-02 21:40:12]	cc3e0342	$boxrelative0beepsx@MAJIRO_INTER
[2021-05-02 22:02:07]	5131e234	$advcurplay_flg_windowx@MAJIRO_INTER
