C:\%REPOPATH%\majiro-py\src>unhash $0542e1b7 "$set_voice_skip" "@MAJIRO_INTER" 10 0 "a-z_"
charset = "abcdefghijklmnopqrstuvwxyz_"
accum = 0x0542e1b7, init = 0xaa8d2e70, target = 0xd2937cf4
depth = 0
depth = 1
depth = 2
depth = 3
depth = 4
depth = 5
depth = 6
depth = 7
"$set_voice_skipiqnahds@MAJIRO_INTER"
"$set_voice_skipemhmiju@MAJIRO_INTER"
"$set_voice_skipvpjtyhz@MAJIRO_INTER"
depth = 8
"$set_voice_skipspgeplka@MAJIRO_INTER"
"$set_voice_skipmvyxhcgb@MAJIRO_INTER"
"$set_voice_skipxuwfqjjc@MAJIRO_INTER"
"$set_voice_skiptiqjpdlc@MAJIRO_INTER"
"$set_voice_skipzw_pomnc@MAJIRO_INTER"
"$set_voice_skipwgfzfrsc@MAJIRO_INTER"
"$set_voice_skiphotwyh_c@MAJIRO_INTER"
"$set_voice_skipafcrelod@MAJIRO_INTER"
"$set_voice_skipbhtbszpd@MAJIRO_INTER"
"$set_voice_skipntrnrtvd@MAJIRO_INTER"
"$set_voice_skipkdiymike@MAJIRO_INTER"
"$set_voice_skipgxoulgme@MAJIRO_INTER"
"$set_voice_skipdvxezqre@MAJIRO_INTER"
"$set_voice_skipubwdufgf@MAJIRO_INTER"
"$set_voice_skipjcsqdjnf@MAJIRO_INTER"
"$set_voice_skipeqbmsrwf@MAJIRO_INTER"
"$set_voice_skipconjzyug@MAJIRO_INTER"
"$set_voice_skiplnbttqnh@MAJIRO_INTER"
"$set_voice_skippaqqskxh@MAJIRO_INTER"
"$set_voice_skipymljmxci@MAJIRO_INTER"
"$set_voice_skipuqjflvei@MAJIRO_INTER"
"$set_voice_skipvvkntv_i@MAJIRO_INTER"
"$set_voice_skipgkrwuwoj@MAJIRO_INTER"
"$set_voice_skipdeegcapj@MAJIRO_INTER"
"$set_voice_skippoo_itqj@MAJIRO_INTER"
"$set_voice_skiphyckbovj@MAJIRO_INTER"
"$set_voice_skipngolkdtk@MAJIRO_INTER"
"$set_voice_skipv_ctixxk@MAJIRO_INTER"
"$set_voice_skipggnqyval@MAJIRO_INTER"
"$set_voice_skipxfjdhzhl@MAJIRO_INTER"
"$set_voice_skiptzlhitnl@MAJIRO_INTER"
"$set_voice_skipmedzqsem@MAJIRO_INTER"
"$set_voice_skipsh_ihnwm@MAJIRO_INTER"
"$set_voice_skipnksjgezm@MAJIRO_INTER"
"$set_voice_skipnberis_m@MAJIRO_INTER"
"$set_voice_skipifoo_ghn@MAJIRO_INTER"
"$set_voice_skipgip_cihn@MAJIRO_INTER"
"$set_voice_skipcponohyn@MAJIRO_INTER"
"$set_voice_skipyaplaymo@MAJIRO_INTER"
"$set_voice_skipvsapvato@MAJIRO_INTER"
"$set_voice_skipvpogfwbp@MAJIRO_INTER"
"$set_voice_skipbze_lbcp@MAJIRO_INTER"
"$set_voice_skipzlikgydp@MAJIRO_INTER"
"$set_voice_skipzxca_sqq@MAJIRO_INTER"
"$set_voice_skiplapehfvq@MAJIRO_INTER"
"$set_voice_skipmfjmaesr@MAJIRO_INTER"
"$set_voice_skiprgnxpizr@MAJIRO_INTER"
"$set_voice_skipwwuootgs@MAJIRO_INTER"
"$set_voice_skipkxfjhnqs@MAJIRO_INTER"
"$set_voice_skipdfkpswfu@MAJIRO_INTER"
"$set_voice_skipxixutmpu@MAJIRO_INTER"
"$set_voice_skipeaqxztcv@MAJIRO_INTER"
"$set_voice_skipclnru__v@MAJIRO_INTER"
"$set_voice_skipslhvukqw@MAJIRO_INTER"
"$set_voice_skip_nlilguw@MAJIRO_INTER"
"$set_voice_skiplmlcdgxw@MAJIRO_INTER"
"$set_voice_skipopfqkaex@MAJIRO_INTER"
"$set_voice_skippqbdzmlx@MAJIRO_INTER"
"$set_voice_skiplwgysa_x@MAJIRO_INTER"
"$set_voice_skiperlzcday@MAJIRO_INTER"
"$set_voice_skipinjvbjgy@MAJIRO_INTER"
"$set_voice_skipzshorhhy@MAJIRO_INTER"
"$set_voice_skipvoncsfny@MAJIRO_INTER"
"$set_voice_skipuaysepqy@MAJIRO_INTER"
"$set_voice_skipduvrjgdz@MAJIRO_INTER"
"$set_voice_skipwhtkzekz@MAJIRO_INTER"
"$set_voice_skipxzlausd_@MAJIRO_INTER"
"$set_voice_skipkgnxeqk_@MAJIRO_INTER"
"$set_voice_skiphiyhsgt_@MAJIRO_INTER"
depth = 9
"$set_voice_skipa_rnbzsaa@MAJIRO_INTER"
"$set_voice_skipffzcqjvaa@MAJIRO_INTER"
"$set_voice_skipfm_mpxhba@MAJIRO_INTER"
"$set_voice_skiphsqwoqjba@MAJIRO_INTER"
"$set_voice_skipxirfgs_ba@MAJIRO_INTER"
"$set_voice_skipqlyewvaca@MAJIRO_INTER"
"$set_voice_skipxlxxedtda@MAJIRO_INTER"
"$set_voice_skipz_nwa_wda@MAJIRO_INTER"
"$set_voice_skiprnrsmapea@MAJIRO_INTER"
"$set_voice_skiph_ssphffa@MAJIRO_INTER"
"$set_voice_skipumaie_lfa@MAJIRO_INTER"
"$set_voice_skiphqs_yomfa@MAJIRO_INTER"
"$set_voice_skipixwyjsaga@MAJIRO_INTER"
"$set_voice_skipkz_ottega@MAJIRO_INTER"
"$set_voice_skipykbplgqga@MAJIRO_INTER"
"$set_voice_skipewlwrmeha@MAJIRO_INTER"
"$set_voice_skipvjnnbojha@MAJIRO_INTER"
"$set_voice_skipzvhbcalha@MAJIRO_INTER"
"$set_voice_skipptbikdhia@MAJIRO_INTER"
"$set_voice_skipbnzxrebja@MAJIRO_INTER"
"$set_voice_skipqsxabgmja@MAJIRO_INTER"
"$set_voice_skipwmtfkloka@MAJIRO_INTER"
"$set_voice_skipkbgclvyka@MAJIRO_INTER"
"$set_voice_skipeun_dsbla@MAJIRO_INTER"
"$set_voice_skipalqnhrsla@MAJIRO_INTER"
"$set_voice_skipwubj_gtla@MAJIRO_INTER"
"$set_voice_skipvfrhnndna@MAJIRO_INTER"
"$set_voice_skipjiamitrna@MAJIRO_INTER"
"$set_voice_skipplte_osna@MAJIRO_INTER"
"$set_voice_skipfugahztna@MAJIRO_INTER"
"$set_voice_skipoyzzviooa@MAJIRO_INTER"

C:\%REPOPATH%\majiro-py\src>unhash $0542e1b7 "$skip_" "@MAJIRO_INTER" 10 0 "a-z_"
charset = "abcdefghijklmnopqrstuvwxyz_"
accum = 0x0542e1b7, init = 0xec47c9a2, target = 0xd2937cf4
depth = 0
depth = 1
depth = 2
depth = 3
depth = 4
depth = 5
depth = 6
"$skip_sgv_fs@MAJIRO_INTER"
depth = 7
"$skip_c_pevxk@MAJIRO_INTER"
"$skip_dfxhehn@MAJIRO_INTER"
"$skip_ktitrpw@MAJIRO_INTER"
"$skip_xikmbrx@MAJIRO_INTER"
depth = 8
"$skip_py_vbita@MAJIRO_INTER"
"$skip_mzsumbya@MAJIRO_INTER"
"$skip_coxasyeb@MAJIRO_INTER"
"$skip_eqtfzrgc@MAJIRO_INTER"
"$skip_win_umjd@MAJIRO_INTER"
"$skip_wgpqorcf@MAJIRO_INTER"
"$skip_gtexifsf@MAJIRO_INTER"
"$skip_khcthhuf@MAJIRO_INTER"
"$skip_xuamxjzf@MAJIRO_INTER"
"$skip_nxxcwuhg@MAJIRO_INTER"
"$skip_mvosacwg@MAJIRO_INTER"
"$skip_nkeanejh@MAJIRO_INTER"
"$skip_bwcmoklh@MAJIRO_INTER"
"$skip_merqxsuh@MAJIRO_INTER"
"$skip_wtmsvbai@MAJIRO_INTER"
"$skip_huifgnhi@MAJIRO_INTER"
"$skip_ggxzpvqi@MAJIRO_INTER"
"$skip_qpdaw_xi@MAJIRO_INTER"
"$skip_enubockj@MAJIRO_INTER"
"$skip_irsnnmmj@MAJIRO_INTER"
"$skip_oxuc_lzj@MAJIRO_INTER"
"$skip_cpyefhik@MAJIRO_INTER"
"$skip_lbhyqppk@MAJIRO_INTER"
"$skip_ebidcbel@MAJIRO_INTER"
"$skip_zcmqrnll@MAJIRO_INTER"
"$skip_ymzadxsl@MAJIRO_INTER"
"$skip_pagzzkhm@MAJIRO_INTER"
"$skip__mtuuqsm@MAJIRO_INTER"
"$skip_ngygbddn@MAJIRO_INTER"
"$skip_zms_hqen@MAJIRO_INTER"
"$skip_yf_oejmo@MAJIRO_INTER"
"$skip_wxquzcoo@MAJIRO_INTER"
"$skip_tvfelupo@MAJIRO_INTER"
"$skip_ghjklaip@MAJIRO_INTER"
"$skip_ktlgmoop@MAJIRO_INTER"
"$skip_c_uvigsp@MAJIRO_INTER"
"$skip_rkduuhdq@MAJIRO_INTER"
"$skip_avflejkq@MAJIRO_INTER"
"$skip_ndwprrrq@MAJIRO_INTER"
"$skip_lf_fluvq@MAJIRO_INTER"
"$skip__nzbeger@MAJIRO_INTER"
"$skip_lmzhmghr@MAJIRO_INTER"
"$skip_yntvtnes@MAJIRO_INTER"
"$skip_jsvodljs@MAJIRO_INTER"
"$skip_fopcebls@MAJIRO_INTER"
"$skip_eagsstss@MAJIRO_INTER"
"$skip_lafnafft@MAJIRO_INTER"
"$skip__bfdifkt@MAJIRO_INTER"
"$skip_hxy_mgwt@MAJIRO_INTER"
"$skip_fcleicbu@MAJIRO_INTER"
"$skip_ybhpxoku@MAJIRO_INTER"
"$skip_vpylowru@MAJIRO_INTER"
"$skip_kxpaanav@MAJIRO_INTER"
"$skip_tyttpbhv@MAJIRO_INTER"
"$skip_xerxqlnv@MAJIRO_INTER"
"$skip_wwcdftwv@MAJIRO_INTER"
"$skip_azzjikew@MAJIRO_INTER"
"$skip_rgxsyijw@MAJIRO_INTER"
"$skip_muadquax@MAJIRO_INTER"
"$skip_qzravowx@MAJIRO_INTER"
"$skip_bgpxfmxx@MAJIRO_INTER"
"$skip_gwkoypey@MAJIRO_INTER"
"$skip_tjivirjy@MAJIRO_INTER"
"$skip_dpjgap_y@MAJIRO_INTER"
"$skip_vcdnvgpz@MAJIRO_INTER"
"$skip_vcmxnif_@MAJIRO_INTER"
"$skip_piku_hq_@MAJIRO_INTER"
depth = 9
"$skip_xlnslddaa@MAJIRO_INTER"
"$skip_uwrwdigba@MAJIRO_INTER"
"$skip_fjpntkhba@MAJIRO_INTER"
"$skip_jvvbuenba@MAJIRO_INTER"
"$skip_ixarcsqba@MAJIRO_INTER"
"$skip_bso_xjyba@MAJIRO_INTER"
"$skip__kzotnaca@MAJIRO_INTER"
"$skip_ofmujxsca@MAJIRO_INTER"
"$skip_czkykvuca@MAJIRO_INTER"
"$skip_h_exyhvca@MAJIRO_INTER"
"$skip_a_dekzcda@MAJIRO_INTER"
"$skip_fflhxjfda@MAJIRO_INTER"
"$skip_ldfcpobea@MAJIRO_INTER"
"$skip_sebvackea@MAJIRO_INTER"
"$skip__gfixooea@MAJIRO_INTER"
"$skip_pkufwutea@MAJIRO_INTER"
"$skip_wuk_ct_ea@MAJIRO_INTER"
"$skip_yzto_z_ea@MAJIRO_INTER"
"$skip_hzqdhg_ga@MAJIRO_INTER"
"$skip_grkbhyaha@MAJIRO_INTER"
"$skip_qkxf_lfha@MAJIRO_INTER"
"$skip_knmniwgha@MAJIRO_INTER"
"$skip_xsowyuhha@MAJIRO_INTER"
"$skip_owr_evvha@MAJIRO_INTER"
"$skip_algearcia@MAJIRO_INTER"
"$skip_vrni_daja@MAJIRO_INTER"
"$skip_pxhdnevja@MAJIRO_INTER"
"$skip_fuqjazdka@MAJIRO_INTER"
"$skip_ocidw_dka@MAJIRO_INTER"
"$skip_uhssqxkka@MAJIRO_INTER"
"$skip_vfdcgntka@MAJIRO_INTER"
"$skip_x_msfldla@MAJIRO_INTER"
"$skip_szcrtrgla@MAJIRO_INTER"
"$skip_xqm_okola@MAJIRO_INTER"
"$skip_oupwshqla@MAJIRO_INTER"
"$skip_pttbbdxla@MAJIRO_INTER"
"$skip_vjxekozma@MAJIRO_INTER"
"$skip_kbqhevina@MAJIRO_INTER"
"$skip_bmbdksdpa@MAJIRO_INTER"

C:\%REPOPATH%\majiro-py\src>unhash $f6416e87 "$is_" "_ar@MAJIRO_INTER" 10 0 "a-z_"
charset = "abcdefghijklmnopqrstuvwxyz_"
accum = 0xf6416e87, init = 0xb6d4718a, target = 0x7295cff1
depth = 0
depth = 1
depth = 2
depth = 3
depth = 4
depth = 5
depth = 6
depth = 7
"$is_xdx_gtt_ar@MAJIRO_INTER"
"$is_lnrgmau_ar@MAJIRO_INTER"
"$is__mrmeax_ar@MAJIRO_INTER"
depth = 8
"$is_jatgmsna_ar@MAJIRO_INTER"
"$is_vngbjixa_ar@MAJIRO_INTER"
"$is_kfnodpkb_ar@MAJIRO_INTER"
"$is_adddluoc_ar@MAJIRO_INTER"
"$is_bjstzcpc_ar@MAJIRO_INTER"
"$is_kjrihqed_ar@MAJIRO_INTER"
"$is_xwppxsjd_ar@MAJIRO_INTER"
"$is_wealoksd_ar@MAJIRO_INTER"
"$is_hmsapq_d_ar@MAJIRO_INTER"
"$is_lsdfhybf_ar@MAJIRO_INTER"
"$is_zjwb_lef_ar@MAJIRO_INTER"
"$is_ypjxqpog_ar@MAJIRO_INTER"
"$is_fbsoyldh_ar@MAJIRO_INTER"
"$is_qox_ky_h_ar@MAJIRO_INTER"
"$is_ei__twli_ar@MAJIRO_INTER"
"$is__cynyimi_ar@MAJIRO_INTER"
"$is_pojavsvi_ar@MAJIRO_INTER"
"$is_crhxfqyi_ar@MAJIRO_INTER"
"$is_mgclxjej_ar@MAJIRO_INTER"
"$is_u_otzvij_ar@MAJIRO_INTER"
"$is_rfgyiflj_ar@MAJIRO_INTER"
"$is_geigpoak_ar@MAJIRO_INTER"
"$is_kyokqagk_ar@MAJIRO_INTER"
"$is_xdmrachk_ar@MAJIRO_INTER"
"$is_awyfueml_ar@MAJIRO_INTER"
"$is_bynvcsrl_ar@MAJIRO_INTER"
"$is_vv_nrkdm_ar@MAJIRO_INTER"
"$is_xhqtmbfm_ar@MAJIRO_INTER"
"$is_dgbqjxpm_ar@MAJIRO_INTER"
"$is_usmpeoen_ar@MAJIRO_INTER"
"$is_fnoiumjn_ar@MAJIRO_INTER"
"$is_jrietcln_ar@MAJIRO_INTER"
"$is__oehuhco_ar@MAJIRO_INTER"
"$is_smawldgo_ar@MAJIRO_INTER"
"$is_pcvgzrxo_ar@MAJIRO_INTER"
"$is_ecvnsmcq_ar@MAJIRO_INTER"
"$is_upcguysq_ar@MAJIRO_INTER"
"$is_ylektwuq_ar@MAJIRO_INTER"
"$is_jqgrduzq_ar@MAJIRO_INTER"
"$is_jxqjjc_q_ar@MAJIRO_INTER"
"$is_ddlfznfr_ar@MAJIRO_INTER"
"$is_nffmrkbs_ar@MAJIRO_INTER"
"$is_qgbxcgks_ar@MAJIRO_INTER"
"$is_riuhuqts_ar@MAJIRO_INTER"
"$is_wuryfmgt_ar@MAJIRO_INTER"
"$is_htvlwant_ar@MAJIRO_INTER"
"$is_axkwiruu_ar@MAJIRO_INTER"
"$is_reinypzu_ar@MAJIRO_INTER"
"$is_cqfovgov_ar@MAJIRO_INTER"
"$is_vrhqonbw_ar@MAJIRO_INTER"
"$is_jnfvqdvx_ar@MAJIRO_INTER"
"$is_ysdoafyx_ar@MAJIRO_INTER"
"$is_lpjqxoty_ar@MAJIRO_INTER"
"$is_beaefthz_ar@MAJIRO_INTER"
"$is_nygigznz_ar@MAJIRO_INTER"
"$is_mwpyqlqz_ar@MAJIRO_INTER"
"$is_akvupbwz_ar@MAJIRO_INTER"
"$is_wrlg_yf__ar@MAJIRO_INTER"
"$is_mwyoibg__ar@MAJIRO_INTER"
"$is_qxjjnxq__ar@MAJIRO_INTER"
depth = 9
"$is_amyspbeaa_ar@MAJIRO_INTER"
"$is_bcncftzaa_ar@MAJIRO_INTER"
"$is_lvewxofba_ar@MAJIRO_INTER"
"$is_irtj_xnba_ar@MAJIRO_INTER"
"$is_swabicoba_ar@MAJIRO_INTER"
"$is_oxrgnyyba_ar@MAJIRO_INTER"
"$is_jhipqddca_ar@MAJIRO_INTER"
"$is_yukiafkca_ar@MAJIRO_INTER"
